

Microchip MPLAB XC8 Assembler V2.31 build 20201012212115 
                                                                                               Thu Mar 04 17:06:06 2021

Microchip MPLAB XC8 C Compiler v2.31 (Free license) build 20201012212115 Og1 
     1                           	processor	18F27Q43
     2                           	fnconf	rparam,??,?,0
     3                           	pagewidth 120
     4                           	opt	flic
     5                           	psect	cinit,global,reloc=2,class=CODE,delta=1
     6                           	psect	bssCOMRAM,global,class=COMRAM,space=1,delta=1,lowdata,noexec
     7                           	psect	cstackCOMRAM,global,class=COMRAM,space=1,delta=1,lowdata,noexec
     8                           	psect	text0,global,reloc=2,class=CODE,delta=1
     9                           	psect	text1,global,reloc=2,class=CODE,delta=1
    10                           	psect	text2,global,reloc=2,class=CODE,delta=1
    11                           	psect	text3,global,reloc=2,class=CODE,delta=1
    12                           	psect	text4,global,reloc=2,class=CODE,delta=1
    13                           	psect	text5,global,reloc=2,class=CODE,delta=1
    14                           	psect	text6,global,reloc=2,class=CODE,delta=1
    15                           	psect	text7,global,reloc=2,class=CODE,delta=1
    16                           	psect	intsave_regs,global,class=BIGRAM,space=1,delta=1,noexec
    17                           	psect	rparam,global,class=COMRAM,space=1,delta=1,noexec
    18                           	psect	idloc,global,abs,ovrld,class=IDLOC,space=5,delta=1,noexec
    19                           	psect	config,global,abs,ovrld,class=CONFIG,space=4,delta=1,noexec
    20  0000                     
    21                           ; Version 2.30
    22                           ; Generated 20/08/2020 GMT
    23                           ; 
    24                           ; Copyright © 2020, Microchip Technology Inc. and its subsidiaries ("Microchip")
    25                           ; All rights reserved.
    26                           ; 
    27                           ; This software is developed by Microchip Technology Inc. and its subsidiaries ("Microch
      +                          ip").
    28                           ; 
    29                           ; Redistribution and use in source and binary forms, with or without modification, are
    30                           ; permitted provided that the following conditions are met:
    31                           ; 
    32                           ;     1. Redistributions of source code must retain the above copyright notice, this lis
      +                          t of
    33                           ;        conditions and the following disclaimer.
    34                           ; 
    35                           ;     2. Redistributions in binary form must reproduce the above copyright notice, this 
      +                          list
    36                           ;        of conditions and the following disclaimer in the documentation and/or other
    37                           ;        materials provided with the distribution. Publication is not required when
    38                           ;        this file is used in an embedded application.
    39                           ; 
    40                           ;     3. Microchip's name may not be used to endorse or promote products derived from th
      +                          is
    41                           ;        software without specific prior written permission.
    42                           ; 
    43                           ; THIS SOFTWARE IS PROVIDED BY MICROCHIP "AS IS" AND ANY EXPRESS OR IMPLIED WARRANTIES,
    44                           ; INCLUDING, BUT NOT LIMITED TO, THE IMPLIED WARRANTIES OF MERCHANTABILITY AND FITNESS F
      +                          OR
    45                           ; PURPOSE ARE DISCLAIMED.  IN NO EVENT SHALL MICROCHIP BE LIABLE FOR ANY DIRECT, INDIREC
      +                          T,
    46                           ; INCIDENTAL, SPECIAL, EXEMPLARY, OR CONSEQUENTIAL DAMAGES (INCLUDING BUT NOT LIMITED TO
    47                           ; PROCUREMENT OF SUBSTITUTE GOODS OR SERVICES; LOSS OF USE, DATA OR PROFITS; OR BUSINESS
    48                           ; INTERRUPTION) HOWSOEVER CAUSED AND ON ANY THEORY OF LIABILITY, WHETHER IN CONTRACT, ST
      +                          RICT
    49                           ; LIABILITY, OR TORT (INCLUDING NEGLIGENCE OR OTHERWISE) ARISING IN ANY WAY OUT OF THE U
      +                          SE OF
    50                           ; THIS SOFTWARE, EVEN IF ADVISED OF THE POSSIBILITY OF SUCH DAMAGE.
    51                           ; 
    52                           ; 
    53                           ; Code-generator required, PIC18F27Q43 Definitions
    54                           ; 
    55                           ; SFR Addresses
    56  0000                     _TMR0L	set	792
    57  0000                     _TMR0H	set	793
    58  0000                     _T0CON1	set	795
    59  0000                     _T0CON0	set	794
    60  0000                     _ANSELA	set	1024
    61  0000                     _PIR3	set	1201
    62  0000                     _LATA	set	1214
    63  0000                     _TRISA	set	1222
    64  0000                     _PORTA	set	1230
    65                           
    66                           ; #config settings
    67                           
    68                           	psect	cinit
    69  01FF4A                     __pcinit:
    70                           	callstack 0
    71  01FF4A                     start_initialization:
    72                           	callstack 0
    73  01FF4A                     __initialization:
    74                           	callstack 0
    75                           
    76                           ; Clear objects allocated to COMRAM (13 bytes)
    77  01FF4A  EE01  F101         	lfsr	0,__pbssCOMRAM
    78  01FF4E  0E0D               	movlw	13
    79  01FF50                     clear_0:
    80  01FF50  6AEE               	clrf	postinc0,c
    81  01FF52  06E8               	decf	wreg,f,c
    82  01FF54  E1FD               	bnz	clear_0
    83  01FF56                     end_of_initialization:
    84                           	callstack 0
    85  01FF56                     __end_of__initialization:
    86                           	callstack 0
    87  01FF56  0100               	movlb	0
    88  01FF58  EFDE  F0FF         	goto	_main	;jump to C main() function
    89                           
    90                           	psect	bssCOMRAM
    91  000501                     __pbssCOMRAM:
    92                           	callstack 0
    93  000501                     _G_u32SystemFlags:
    94                           	callstack 0
    95  000501                     	ds	4
    96  000505                     _G_u32SystemTime1s:
    97                           	callstack 0
    98  000505                     	ds	4
    99  000509                     _G_u32SystemTime1ms:
   100                           	callstack 0
   101  000509                     	ds	4
   102  00050D                     _G_u8UserAppFlags:
   103                           	callstack 0
   104  00050D                     	ds	1
   105                           
   106                           	psect	cstackCOMRAM
   107  00050E                     __pcstackCOMRAM:
   108                           	callstack 0
   109  00050E                     TimeXus@u16Time:
   110                           	callstack 0
   111  00050E                     UserAppRun@u32Counter:
   112                           	callstack 0
   113                           
   114                           ; 4 bytes @ 0x0
   115  00050E                     	ds	2
   116  000510                     
   117                           ; 1 bytes @ 0x2
   118  000510                     	ds	2
   119  000512                     
   120                           ; 1 bytes @ 0x4
   121 ;;
   122 ;;Main: autosize = 0, tempsize = 0, incstack = 0, save=0
   123 ;;
   124 ;; *************** function _main *****************
   125 ;; Defined at:
   126 ;;		line 35 in file "main.c"
   127 ;; Parameters:    Size  Location     Type
   128 ;;		None
   129 ;; Auto vars:     Size  Location     Type
   130 ;;		None
   131 ;; Return value:  Size  Location     Type
   132 ;;                  1    wreg      void 
   133 ;; Registers used:
   134 ;;		wreg, status,2, status,0, cstack
   135 ;; Tracked objects:
   136 ;;		On entry : 0/0
   137 ;;		On exit  : 0/0
   138 ;;		Unchanged: 0/0
   139 ;; Data sizes:     COMRAM   BANK5   BANK6   BANK7   BANK8   BANK9  BANK10  BANK11  BANK12  BANK13  BANK14  BANK15  BANK1
      +6  BANK17  BANK18  BANK19  BANK20  BANK21  BANK22  BANK23  BANK24  BANK25  BANK26  BANK27  BANK28  BANK29  BANK30  BANK3
      +1  BANK32  BANK33  BANK34  BANK35  BANK36  BANK37
   140 ;;      Params:         0       0       0       0       0       0       0       0       0       0       0       0       
      +0       0       0       0       0       0       0       0       0       0       0       0       0       0       0       
      +0       0       0       0       0       0       0
   141 ;;      Locals:         0       0       0       0       0       0       0       0       0       0       0       0       
      +0       0       0       0       0       0       0       0       0       0       0       0       0       0       0       
      +0       0       0       0       0       0       0
   142 ;;      Temps:          0       0       0       0       0       0       0       0       0       0       0       0       
      +0       0       0       0       0       0       0       0       0       0       0       0       0       0       0       
      +0       0       0       0       0       0       0
   143 ;;      Totals:         0       0       0       0       0       0       0       0       0       0       0       0       
      +0       0       0       0       0       0       0       0       0       0       0       0       0       0       0       
      +0       0       0       0       0       0       0
   144 ;;Total ram usage:        0 bytes
   145 ;; Hardware stack levels required when called:    1
   146 ;; This function calls:
   147 ;;		_ClockSetup
   148 ;;		_GpioSetup
   149 ;;		_SysTickSetup
   150 ;;		_SystemSleep
   151 ;;		_TimeXus
   152 ;;		_UserAppInitialize
   153 ;;		_UserAppRun
   154 ;; This function is called by:
   155 ;;		Startup code after reset
   156 ;; This function uses a non-reentrant model
   157 ;;
   158                           
   159                           	psect	text0
   160  01FFBC                     __ptext0:
   161                           	callstack 0
   162  01FFBC                     _main:
   163                           	callstack 127
   164  01FFBC                     
   165                           ;main.c: 37:   G_u32SystemFlags |= (u32)0x80000000;
   166  01FFBC  8E04               	bsf	(_G_u32SystemFlags+3)^(0+1280),7,c	;volatile
   167  01FFBE                     
   168                           ;main.c: 40:   ClockSetup();
   169  01FFBE  EC93  F0FF         	call	_ClockSetup	;wreg free
   170  01FFC2                     
   171                           ;main.c: 41:   SysTickSetup();
   172  01FFC2  ECB8  F0FF         	call	_SysTickSetup	;wreg free
   173  01FFC6                     
   174                           ;main.c: 42:   GpioSetup();
   175  01FFC6  EC95  F0FF         	call	_GpioSetup	;wreg free
   176  01FFCA                     
   177                           ;main.c: 47:   UserAppInitialize();
   178  01FFCA  EC9D  F0FF         	call	_UserAppInitialize	;wreg free
   179  01FFCE                     l824:
   180                           
   181                           ;main.c: 53:   {;main.c: 57:     UserAppRun();
   182  01FFCE  ECC9  F0FF         	call	_UserAppRun	;wreg free
   183  01FFD2                     
   184                           ;main.c: 61:     (LATA &= 0x7F);
   185  01FFD2  9EBE               	bcf	190,7,c	;volatile
   186  01FFD4                     
   187                           ;main.c: 62:     SystemSleep();
   188  01FFD4  EC94  F0FF         	call	_SystemSleep	;wreg free
   189  01FFD8                     
   190                           ;main.c: 66:     TimeXus(1000);
   191  01FFD8  0E03               	movlw	3
   192  01FFDA  6E0F               	movwf	(TimeXus@u16Time+1)^(0+1280),c
   193  01FFDC  0EE8               	movlw	232
   194  01FFDE  6E0E               	movwf	TimeXus@u16Time^(0+1280),c
   195  01FFE0  ECAE  F0FF         	call	_TimeXus	;wreg free
   196  01FFE4                     l52:
   197                           
   198                           ;main.c: 67:     while((PIR3 & 0x80) == 0x00)
   199  01FFE4  AEB1               	btfss	177,7,c	;volatile
   200  01FFE6  EFF7  F0FF         	goto	u21
   201  01FFEA  EFF9  F0FF         	goto	u20
   202  01FFEE                     u21:
   203  01FFEE  EFF2  F0FF         	goto	l52
   204  01FFF2                     u20:
   205  01FFF2                     
   206                           ;main.c: 74:     (LATA |= 0x80);
   207  01FFF2  8EBE               	bsf	190,7,c	;volatile
   208  01FFF4  EFE7  F0FF         	goto	l824
   209  01FFF8  EFFE  F0FF         	goto	start
   210  01FFFC                     __end_of_main:
   211                           	callstack 0
   212                           
   213 ;; *************** function _UserAppRun *****************
   214 ;; Defined at:
   215 ;;		line 115 in file "user_app.c"
   216 ;; Parameters:    Size  Location     Type
   217 ;;		None
   218 ;; Auto vars:     Size  Location     Type
   219 ;;  u32Counter      4    0[COMRAM] unsigned long 
   220 ;; Return value:  Size  Location     Type
   221 ;;                  1    wreg      void 
   222 ;; Registers used:
   223 ;;		wreg, status,2, status,0
   224 ;; Tracked objects:
   225 ;;		On entry : 0/0
   226 ;;		On exit  : 0/0
   227 ;;		Unchanged: 0/0
   228 ;; Data sizes:     COMRAM   BANK5   BANK6   BANK7   BANK8   BANK9  BANK10  BANK11  BANK12  BANK13  BANK14  BANK15  BANK1
      +6  BANK17  BANK18  BANK19  BANK20  BANK21  BANK22  BANK23  BANK24  BANK25  BANK26  BANK27  BANK28  BANK29  BANK30  BANK3
      +1  BANK32  BANK33  BANK34  BANK35  BANK36  BANK37
   229 ;;      Params:         0       0       0       0       0       0       0       0       0       0       0       0       
      +0       0       0       0       0       0       0       0       0       0       0       0       0       0       0       
      +0       0       0       0       0       0       0
   230 ;;      Locals:         4       0       0       0       0       0       0       0       0       0       0       0       
      +0       0       0       0       0       0       0       0       0       0       0       0       0       0       0       
      +0       0       0       0       0       0       0
   231 ;;      Temps:          0       0       0       0       0       0       0       0       0       0       0       0       
      +0       0       0       0       0       0       0       0       0       0       0       0       0       0       0       
      +0       0       0       0       0       0       0
   232 ;;      Totals:         4       0       0       0       0       0       0       0       0       0       0       0       
      +0       0       0       0       0       0       0       0       0       0       0       0       0       0       0       
      +0       0       0       0       0       0       0
   233 ;;Total ram usage:        4 bytes
   234 ;; Hardware stack levels used:    1
   235 ;; This function calls:
   236 ;;		Nothing
   237 ;; This function is called by:
   238 ;;		_main
   239 ;; This function uses a non-reentrant model
   240 ;;
   241                           
   242                           	psect	text1
   243  01FF92                     __ptext1:
   244                           	callstack 0
   245  01FF92                     _UserAppRun:
   246                           	callstack 127
   247  01FF92                     
   248                           ;user_app.c: 119:      u32 u32Counter = PORTA;
   249  01FF92  50CE               	movf	206,w,c	;volatile
   250  01FF94  6E0E               	movwf	UserAppRun@u32Counter^(0+1280),c
   251  01FF96  6A0F               	clrf	(UserAppRun@u32Counter+1)^(0+1280),c
   252  01FF98  6A10               	clrf	(UserAppRun@u32Counter+2)^(0+1280),c
   253  01FF9A  6A11               	clrf	(UserAppRun@u32Counter+3)^(0+1280),c
   254  01FF9C                     
   255                           ;user_app.c: 122:      u32Counter &= 0x3F;
   256  01FF9C  0E3F               	movlw	63
   257  01FF9E  160E               	andwf	UserAppRun@u32Counter^(0+1280),f,c
   258  01FFA0  0E00               	movlw	0
   259  01FFA2  160F               	andwf	(UserAppRun@u32Counter+1)^(0+1280),f,c
   260  01FFA4  1610               	andwf	(UserAppRun@u32Counter+2)^(0+1280),f,c
   261  01FFA6  1611               	andwf	(UserAppRun@u32Counter+3)^(0+1280),f,c
   262  01FFA8                     
   263                           ;user_app.c: 125:      u32Counter++;
   264  01FFA8  0E01               	movlw	1
   265  01FFAA  260E               	addwf	UserAppRun@u32Counter^(0+1280),f,c
   266  01FFAC  0E00               	movlw	0
   267  01FFAE  220F               	addwfc	(UserAppRun@u32Counter+1)^(0+1280),f,c
   268  01FFB0  2210               	addwfc	(UserAppRun@u32Counter+2)^(0+1280),f,c
   269  01FFB2  2211               	addwfc	(UserAppRun@u32Counter+3)^(0+1280),f,c
   270  01FFB4                     
   271                           ;user_app.c: 128:      LATA = u32Counter;
   272  01FFB4  0061  F438  F4BE   	movff	UserAppRun@u32Counter,1214	;volatile
   273  01FFBA  0012               	return		;funcret
   274  01FFBC                     __end_of_UserAppRun:
   275                           	callstack 0
   276                           
   277 ;; *************** function _UserAppInitialize *****************
   278 ;; Defined at:
   279 ;;		line 76 in file "user_app.c"
   280 ;; Parameters:    Size  Location     Type
   281 ;;		None
   282 ;; Auto vars:     Size  Location     Type
   283 ;;		None
   284 ;; Return value:  Size  Location     Type
   285 ;;                  1    wreg      void 
   286 ;; Registers used:
   287 ;;		wreg, status,2
   288 ;; Tracked objects:
   289 ;;		On entry : 0/0
   290 ;;		On exit  : 0/0
   291 ;;		Unchanged: 0/0
   292 ;; Data sizes:     COMRAM   BANK5   BANK6   BANK7   BANK8   BANK9  BANK10  BANK11  BANK12  BANK13  BANK14  BANK15  BANK1
      +6  BANK17  BANK18  BANK19  BANK20  BANK21  BANK22  BANK23  BANK24  BANK25  BANK26  BANK27  BANK28  BANK29  BANK30  BANK3
      +1  BANK32  BANK33  BANK34  BANK35  BANK36  BANK37
   293 ;;      Params:         0       0       0       0       0       0       0       0       0       0       0       0       
      +0       0       0       0       0       0       0       0       0       0       0       0       0       0       0       
      +0       0       0       0       0       0       0
   294 ;;      Locals:         0       0       0       0       0       0       0       0       0       0       0       0       
      +0       0       0       0       0       0       0       0       0       0       0       0       0       0       0       
      +0       0       0       0       0       0       0
   295 ;;      Temps:          0       0       0       0       0       0       0       0       0       0       0       0       
      +0       0       0       0       0       0       0       0       0       0       0       0       0       0       0       
      +0       0       0       0       0       0       0
   296 ;;      Totals:         0       0       0       0       0       0       0       0       0       0       0       0       
      +0       0       0       0       0       0       0       0       0       0       0       0       0       0       0       
      +0       0       0       0       0       0       0
   297 ;;Total ram usage:        0 bytes
   298 ;; Hardware stack levels used:    1
   299 ;; This function calls:
   300 ;;		Nothing
   301 ;; This function is called by:
   302 ;;		_main
   303 ;; This function uses a non-reentrant model
   304 ;;
   305                           
   306                           	psect	text2
   307  01FF3A                     __ptext2:
   308                           	callstack 0
   309  01FF3A                     _UserAppInitialize:
   310                           	callstack 127
   311  01FF3A                     
   312                           ;user_app.c: 79:     LATA = 0x80;
   313  01FF3A  0E80               	movlw	128
   314  01FF3C  6EBE               	movwf	190,c	;volatile
   315                           
   316                           ;user_app.c: 91:     T0CON0 = 0x90;
   317  01FF3E  0E90               	movlw	144
   318  01FF40  0103               	movlb	3	; () banked
   319  01FF42  6F1A               	movwf	26,b	;volatile
   320                           
   321                           ;user_app.c: 98:     T0CON1 = 0x54;
   322  01FF44  0E54               	movlw	84
   323  01FF46  6F1B               	movwf	27,b	;volatile
   324  01FF48                     
   325                           ; BSR set to: 3
   326  01FF48  0012               	return		;funcret
   327  01FF4A                     __end_of_UserAppInitialize:
   328                           	callstack 0
   329                           
   330 ;; *************** function _TimeXus *****************
   331 ;; Defined at:
   332 ;;		line 143 in file "user_app.c"
   333 ;; Parameters:    Size  Location     Type
   334 ;;  u16Time         2    0[COMRAM] unsigned short 
   335 ;; Auto vars:     Size  Location     Type
   336 ;;		None
   337 ;; Return value:  Size  Location     Type
   338 ;;                  1    wreg      void 
   339 ;; Registers used:
   340 ;;		wreg, status,2, status,0
   341 ;; Tracked objects:
   342 ;;		On entry : 0/0
   343 ;;		On exit  : 0/0
   344 ;;		Unchanged: 0/0
   345 ;; Data sizes:     COMRAM   BANK5   BANK6   BANK7   BANK8   BANK9  BANK10  BANK11  BANK12  BANK13  BANK14  BANK15  BANK1
      +6  BANK17  BANK18  BANK19  BANK20  BANK21  BANK22  BANK23  BANK24  BANK25  BANK26  BANK27  BANK28  BANK29  BANK30  BANK3
      +1  BANK32  BANK33  BANK34  BANK35  BANK36  BANK37
   346 ;;      Params:         2       0       0       0       0       0       0       0       0       0       0       0       
      +0       0       0       0       0       0       0       0       0       0       0       0       0       0       0       
      +0       0       0       0       0       0       0
   347 ;;      Locals:         0       0       0       0       0       0       0       0       0       0       0       0       
      +0       0       0       0       0       0       0       0       0       0       0       0       0       0       0       
      +0       0       0       0       0       0       0
   348 ;;      Temps:          0       0       0       0       0       0       0       0       0       0       0       0       
      +0       0       0       0       0       0       0       0       0       0       0       0       0       0       0       
      +0       0       0       0       0       0       0
   349 ;;      Totals:         2       0       0       0       0       0       0       0       0       0       0       0       
      +0       0       0       0       0       0       0       0       0       0       0       0       0       0       0       
      +0       0       0       0       0       0       0
   350 ;;Total ram usage:        2 bytes
   351 ;; Hardware stack levels used:    1
   352 ;; This function calls:
   353 ;;		Nothing
   354 ;; This function is called by:
   355 ;;		_main
   356 ;; This function uses a non-reentrant model
   357 ;;
   358                           
   359                           	psect	text3
   360  01FF5C                     __ptext3:
   361                           	callstack 0
   362  01FF5C                     _TimeXus:
   363                           	callstack 127
   364  01FF5C                     
   365                           ;user_app.c: 143: void TimeXus(u16 u16Time);user_app.c: 144: {;user_app.c: 157:      T0C
      +                          ON0 &= 0x7F;
   366  01FF5C  0103               	movlb	3	; () banked
   367  01FF5E  9F1A               	bcf	26,7,b	;volatile
   368  01FF60                     
   369                           ; BSR set to: 3
   370                           ;user_app.c: 163:      TMR0H = (u16Time >> 8) & 0xFF;
   371  01FF60  500F               	movf	(TimeXus@u16Time+1)^(0+1280),w,c
   372  01FF62  6F19               	movwf	25,b	;volatile
   373  01FF64                     
   374                           ; BSR set to: 3
   375                           ;user_app.c: 167:      TMR0L = u16Time & 0x00FF;
   376  01FF64  0061  F438  F318   	movff	TimeXus@u16Time,792	;volatile
   377  01FF6A                     
   378                           ; BSR set to: 3
   379                           ;user_app.c: 172:        PIR3 &= 0x7F;
   380  01FF6A  9EB1               	bcf	177,7,c	;volatile
   381  01FF6C                     
   382                           ; BSR set to: 3
   383                           ;user_app.c: 173:        T0CON0 |= 0x80;
   384  01FF6C  8F1A               	bsf	26,7,b	;volatile
   385  01FF6E                     
   386                           ; BSR set to: 3
   387  01FF6E  0012               	return		;funcret
   388  01FF70                     __end_of_TimeXus:
   389                           	callstack 0
   390                           
   391 ;; *************** function _SystemSleep *****************
   392 ;; Defined at:
   393 ;;		line 131 in file "encm369_pic18.c"
   394 ;; Parameters:    Size  Location     Type
   395 ;;		None
   396 ;; Auto vars:     Size  Location     Type
   397 ;;		None
   398 ;; Return value:  Size  Location     Type
   399 ;;                  1    wreg      void 
   400 ;; Registers used:
   401 ;;		None
   402 ;; Tracked objects:
   403 ;;		On entry : 0/0
   404 ;;		On exit  : 0/0
   405 ;;		Unchanged: 0/0
   406 ;; Data sizes:     COMRAM   BANK5   BANK6   BANK7   BANK8   BANK9  BANK10  BANK11  BANK12  BANK13  BANK14  BANK15  BANK1
      +6  BANK17  BANK18  BANK19  BANK20  BANK21  BANK22  BANK23  BANK24  BANK25  BANK26  BANK27  BANK28  BANK29  BANK30  BANK3
      +1  BANK32  BANK33  BANK34  BANK35  BANK36  BANK37
   407 ;;      Params:         0       0       0       0       0       0       0       0       0       0       0       0       
      +0       0       0       0       0       0       0       0       0       0       0       0       0       0       0       
      +0       0       0       0       0       0       0
   408 ;;      Locals:         0       0       0       0       0       0       0       0       0       0       0       0       
      +0       0       0       0       0       0       0       0       0       0       0       0       0       0       0       
      +0       0       0       0       0       0       0
   409 ;;      Temps:          0       0       0       0       0       0       0       0       0       0       0       0       
      +0       0       0       0       0       0       0       0       0       0       0       0       0       0       0       
      +0       0       0       0       0       0       0
   410 ;;      Totals:         0       0       0       0       0       0       0       0       0       0       0       0       
      +0       0       0       0       0       0       0       0       0       0       0       0       0       0       0       
      +0       0       0       0       0       0       0
   411 ;;Total ram usage:        0 bytes
   412 ;; Hardware stack levels used:    1
   413 ;; This function calls:
   414 ;;		Nothing
   415 ;; This function is called by:
   416 ;;		_main
   417 ;; This function uses a non-reentrant model
   418 ;;
   419                           
   420                           	psect	text4
   421  01FF28                     __ptext4:
   422                           	callstack 0
   423  01FF28                     _SystemSleep:
   424                           	callstack 127
   425  01FF28  0012               	return		;funcret
   426  01FF2A                     __end_of_SystemSleep:
   427                           	callstack 0
   428                           
   429 ;; *************** function _SysTickSetup *****************
   430 ;; Defined at:
   431 ;;		line 109 in file "encm369_pic18.c"
   432 ;; Parameters:    Size  Location     Type
   433 ;;		None
   434 ;; Auto vars:     Size  Location     Type
   435 ;;		None
   436 ;; Return value:  Size  Location     Type
   437 ;;                  1    wreg      void 
   438 ;; Registers used:
   439 ;;		wreg, status,2
   440 ;; Tracked objects:
   441 ;;		On entry : 0/0
   442 ;;		On exit  : 0/0
   443 ;;		Unchanged: 0/0
   444 ;; Data sizes:     COMRAM   BANK5   BANK6   BANK7   BANK8   BANK9  BANK10  BANK11  BANK12  BANK13  BANK14  BANK15  BANK1
      +6  BANK17  BANK18  BANK19  BANK20  BANK21  BANK22  BANK23  BANK24  BANK25  BANK26  BANK27  BANK28  BANK29  BANK30  BANK3
      +1  BANK32  BANK33  BANK34  BANK35  BANK36  BANK37
   445 ;;      Params:         0       0       0       0       0       0       0       0       0       0       0       0       
      +0       0       0       0       0       0       0       0       0       0       0       0       0       0       0       
      +0       0       0       0       0       0       0
   446 ;;      Locals:         0       0       0       0       0       0       0       0       0       0       0       0       
      +0       0       0       0       0       0       0       0       0       0       0       0       0       0       0       
      +0       0       0       0       0       0       0
   447 ;;      Temps:          0       0       0       0       0       0       0       0       0       0       0       0       
      +0       0       0       0       0       0       0       0       0       0       0       0       0       0       0       
      +0       0       0       0       0       0       0
   448 ;;      Totals:         0       0       0       0       0       0       0       0       0       0       0       0       
      +0       0       0       0       0       0       0       0       0       0       0       0       0       0       0       
      +0       0       0       0       0       0       0
   449 ;;Total ram usage:        0 bytes
   450 ;; Hardware stack levels used:    1
   451 ;; This function calls:
   452 ;;		Nothing
   453 ;; This function is called by:
   454 ;;		_main
   455 ;; This function uses a non-reentrant model
   456 ;;
   457                           
   458                           	psect	text5
   459  01FF70                     __ptext5:
   460                           	callstack 0
   461  01FF70                     _SysTickSetup:
   462                           	callstack 127
   463  01FF70                     
   464                           ;encm369_pic18.c: 111:   G_u32SystemTime1ms = 0;
   465  01FF70  0E00               	movlw	0
   466  01FF72  6E09               	movwf	_G_u32SystemTime1ms^(0+1280),c	;volatile
   467  01FF74  0E00               	movlw	0
   468  01FF76  6E0A               	movwf	(_G_u32SystemTime1ms+1)^(0+1280),c	;volatile
   469  01FF78  0E00               	movlw	0
   470  01FF7A  6E0B               	movwf	(_G_u32SystemTime1ms+2)^(0+1280),c	;volatile
   471  01FF7C  0E00               	movlw	0
   472  01FF7E  6E0C               	movwf	(_G_u32SystemTime1ms+3)^(0+1280),c	;volatile
   473                           
   474                           ;encm369_pic18.c: 112:   G_u32SystemTime1s = 0;
   475  01FF80  0E00               	movlw	0
   476  01FF82  6E05               	movwf	_G_u32SystemTime1s^(0+1280),c	;volatile
   477  01FF84  0E00               	movlw	0
   478  01FF86  6E06               	movwf	(_G_u32SystemTime1s+1)^(0+1280),c	;volatile
   479  01FF88  0E00               	movlw	0
   480  01FF8A  6E07               	movwf	(_G_u32SystemTime1s+2)^(0+1280),c	;volatile
   481  01FF8C  0E00               	movlw	0
   482  01FF8E  6E08               	movwf	(_G_u32SystemTime1s+3)^(0+1280),c	;volatile
   483  01FF90  0012               	return		;funcret
   484  01FF92                     __end_of_SysTickSetup:
   485                           	callstack 0
   486                           
   487 ;; *************** function _GpioSetup *****************
   488 ;; Defined at:
   489 ;;		line 89 in file "encm369_pic18.c"
   490 ;; Parameters:    Size  Location     Type
   491 ;;		None
   492 ;; Auto vars:     Size  Location     Type
   493 ;;		None
   494 ;; Return value:  Size  Location     Type
   495 ;;                  1    wreg      void 
   496 ;; Registers used:
   497 ;;		wreg, status,2
   498 ;; Tracked objects:
   499 ;;		On entry : 0/0
   500 ;;		On exit  : 0/0
   501 ;;		Unchanged: 0/0
   502 ;; Data sizes:     COMRAM   BANK5   BANK6   BANK7   BANK8   BANK9  BANK10  BANK11  BANK12  BANK13  BANK14  BANK15  BANK1
      +6  BANK17  BANK18  BANK19  BANK20  BANK21  BANK22  BANK23  BANK24  BANK25  BANK26  BANK27  BANK28  BANK29  BANK30  BANK3
      +1  BANK32  BANK33  BANK34  BANK35  BANK36  BANK37
   503 ;;      Params:         0       0       0       0       0       0       0       0       0       0       0       0       
      +0       0       0       0       0       0       0       0       0       0       0       0       0       0       0       
      +0       0       0       0       0       0       0
   504 ;;      Locals:         0       0       0       0       0       0       0       0       0       0       0       0       
      +0       0       0       0       0       0       0       0       0       0       0       0       0       0       0       
      +0       0       0       0       0       0       0
   505 ;;      Temps:          0       0       0       0       0       0       0       0       0       0       0       0       
      +0       0       0       0       0       0       0       0       0       0       0       0       0       0       0       
      +0       0       0       0       0       0       0
   506 ;;      Totals:         0       0       0       0       0       0       0       0       0       0       0       0       
      +0       0       0       0       0       0       0       0       0       0       0       0       0       0       0       
      +0       0       0       0       0       0       0
   507 ;;Total ram usage:        0 bytes
   508 ;; Hardware stack levels used:    1
   509 ;; This function calls:
   510 ;;		Nothing
   511 ;; This function is called by:
   512 ;;		_main
   513 ;; This function uses a non-reentrant model
   514 ;;
   515                           
   516                           	psect	text6
   517  01FF2A                     __ptext6:
   518                           	callstack 0
   519  01FF2A                     _GpioSetup:
   520                           	callstack 127
   521  01FF2A                     
   522                           ;encm369_pic18.c: 91:     PORTA = 0x80;
   523  01FF2A  0E80               	movlw	128
   524  01FF2C  6ECE               	movwf	206,c	;volatile
   525                           
   526                           ;encm369_pic18.c: 92:     TRISA = 0x00;
   527  01FF2E  0E00               	movlw	0
   528  01FF30  6EC6               	movwf	198,c	;volatile
   529                           
   530                           ;encm369_pic18.c: 93:     ANSELA = 0x00;
   531  01FF32  0E00               	movlw	0
   532  01FF34  0104               	movlb	4	; () banked
   533  01FF36  6F00               	movwf	0,b	;volatile
   534  01FF38                     
   535                           ; BSR set to: 4
   536  01FF38  0012               	return		;funcret
   537  01FF3A                     __end_of_GpioSetup:
   538                           	callstack 0
   539                           
   540 ;; *************** function _ClockSetup *****************
   541 ;; Defined at:
   542 ;;		line 70 in file "encm369_pic18.c"
   543 ;; Parameters:    Size  Location     Type
   544 ;;		None
   545 ;; Auto vars:     Size  Location     Type
   546 ;;		None
   547 ;; Return value:  Size  Location     Type
   548 ;;                  1    wreg      void 
   549 ;; Registers used:
   550 ;;		None
   551 ;; Tracked objects:
   552 ;;		On entry : 0/0
   553 ;;		On exit  : 0/0
   554 ;;		Unchanged: 0/0
   555 ;; Data sizes:     COMRAM   BANK5   BANK6   BANK7   BANK8   BANK9  BANK10  BANK11  BANK12  BANK13  BANK14  BANK15  BANK1
      +6  BANK17  BANK18  BANK19  BANK20  BANK21  BANK22  BANK23  BANK24  BANK25  BANK26  BANK27  BANK28  BANK29  BANK30  BANK3
      +1  BANK32  BANK33  BANK34  BANK35  BANK36  BANK37
   556 ;;      Params:         0       0       0       0       0       0       0       0       0       0       0       0       
      +0       0       0       0       0       0       0       0       0       0       0       0       0       0       0       
      +0       0       0       0       0       0       0
   557 ;;      Locals:         0       0       0       0       0       0       0       0       0       0       0       0       
      +0       0       0       0       0       0       0       0       0       0       0       0       0       0       0       
      +0       0       0       0       0       0       0
   558 ;;      Temps:          0       0       0       0       0       0       0       0       0       0       0       0       
      +0       0       0       0       0       0       0       0       0       0       0       0       0       0       0       
      +0       0       0       0       0       0       0
   559 ;;      Totals:         0       0       0       0       0       0       0       0       0       0       0       0       
      +0       0       0       0       0       0       0       0       0       0       0       0       0       0       0       
      +0       0       0       0       0       0       0
   560 ;;Total ram usage:        0 bytes
   561 ;; Hardware stack levels used:    1
   562 ;; This function calls:
   563 ;;		Nothing
   564 ;; This function is called by:
   565 ;;		_main
   566 ;; This function uses a non-reentrant model
   567 ;;
   568                           
   569                           	psect	text7
   570  01FF26                     __ptext7:
   571                           	callstack 0
   572  01FF26                     _ClockSetup:
   573                           	callstack 127
   574  01FF26  0012               	return		;funcret
   575  01FF28                     __end_of_ClockSetup:
   576                           	callstack 0
   577  0000                     
   578                           	psect	rparam
   579  0000                     
   580                           	psect	idloc
   581                           
   582                           ;Config register IDLOC0 @ 0x200000
   583                           ;	unspecified, using default values
   584  200000                     	org	2097152
   585  200000  0FFF               	dw	4095
   586                           
   587                           ;Config register IDLOC1 @ 0x200002
   588                           ;	unspecified, using default values
   589  200002                     	org	2097154
   590  200002  0FFF               	dw	4095
   591                           
   592                           ;Config register IDLOC2 @ 0x200004
   593                           ;	unspecified, using default values
   594  200004                     	org	2097156
   595  200004  0FFF               	dw	4095
   596                           
   597                           ;Config register IDLOC3 @ 0x200006
   598                           ;	unspecified, using default values
   599  200006                     	org	2097158
   600  200006  0FFF               	dw	4095
   601                           
   602                           ;Config register IDLOC4 @ 0x200008
   603                           ;	unspecified, using default values
   604  200008                     	org	2097160
   605  200008  0FFF               	dw	4095
   606                           
   607                           ;Config register IDLOC5 @ 0x20000A
   608                           ;	unspecified, using default values
   609  20000A                     	org	2097162
   610  20000A  0FFF               	dw	4095
   611                           
   612                           ;Config register IDLOC6 @ 0x20000C
   613                           ;	unspecified, using default values
   614  20000C                     	org	2097164
   615  20000C  0FFF               	dw	4095
   616                           
   617                           ;Config register IDLOC7 @ 0x20000E
   618                           ;	unspecified, using default values
   619  20000E                     	org	2097166
   620  20000E  0FFF               	dw	4095
   621                           
   622                           ;Config register IDLOC8 @ 0x200010
   623                           ;	unspecified, using default values
   624  200010                     	org	2097168
   625  200010  0FFF               	dw	4095
   626                           
   627                           ;Config register IDLOC9 @ 0x200012
   628                           ;	unspecified, using default values
   629  200012                     	org	2097170
   630  200012  0FFF               	dw	4095
   631                           
   632                           ;Config register IDLOC10 @ 0x200014
   633                           ;	unspecified, using default values
   634  200014                     	org	2097172
   635  200014  0FFF               	dw	4095
   636                           
   637                           ;Config register IDLOC11 @ 0x200016
   638                           ;	unspecified, using default values
   639  200016                     	org	2097174
   640  200016  0FFF               	dw	4095
   641                           
   642                           ;Config register IDLOC12 @ 0x200018
   643                           ;	unspecified, using default values
   644  200018                     	org	2097176
   645  200018  0FFF               	dw	4095
   646                           
   647                           ;Config register IDLOC13 @ 0x20001A
   648                           ;	unspecified, using default values
   649  20001A                     	org	2097178
   650  20001A  0FFF               	dw	4095
   651                           
   652                           ;Config register IDLOC14 @ 0x20001C
   653                           ;	unspecified, using default values
   654  20001C                     	org	2097180
   655  20001C  0FFF               	dw	4095
   656                           
   657                           ;Config register IDLOC15 @ 0x20001E
   658                           ;	unspecified, using default values
   659  20001E                     	org	2097182
   660  20001E  0FFF               	dw	4095
   661                           
   662                           	psect	config
   663                           
   664                           ;Config register CONFIG1 @ 0x300000
   665                           ;	External Oscillator Selection
   666                           ;	FEXTOSC = OFF, Oscillator not enabled
   667                           ;	Reset Oscillator Selection
   668                           ;	RSTOSC = HFINTOSC_64MHZ, HFINTOSC with HFFRQ = 64 MHz and CDIV = 1:1
   669  300000                     	org	3145728
   670  300000  8C                 	db	140
   671                           
   672                           ;Config register CONFIG2 @ 0x300001
   673                           ;	Clock out Enable bit
   674                           ;	CLKOUTEN = ON, CLKOUT function is enabled
   675                           ;	PRLOCKED One-Way Set Enable bit
   676                           ;	PR1WAY = ON, PRLOCKED bit can be cleared and set only once
   677                           ;	Clock Switch Enable bit
   678                           ;	CSWEN = ON, Writing to NOSC and NDIV is allowed
   679                           ;	Fail-Safe Clock Monitor Enable bit
   680                           ;	FCMEN = ON, Fail-Safe Clock Monitor enabled
   681  300001                     	org	3145729
   682  300001  FE                 	db	254
   683                           
   684                           ;Config register CONFIG3 @ 0x300002
   685                           ;	MCLR Enable bit
   686                           ;	MCLRE = EXTMCLR, If LVP = 0, MCLR pin is MCLR; If LVP = 1, RE3 pin function is MCLR
   687                           ;	Power-up timer selection bits
   688                           ;	PWRTS = PWRT_OFF, PWRT is disabled
   689                           ;	Multi-vector enable bit
   690                           ;	MVECEN = ON, Multi-vector enabled, Vector table used for interrupts
   691                           ;	IVTLOCK bit One-way set enable bit
   692                           ;	IVT1WAY = ON, IVTLOCKED bit can be cleared and set only once
   693                           ;	Low Power BOR Enable bit
   694                           ;	LPBOREN = OFF, Low-Power BOR disabled
   695                           ;	Brown-out Reset Enable bits
   696                           ;	BOREN = SBORDIS, Brown-out Reset enabled , SBOREN bit is ignored
   697  300002                     	org	3145730
   698  300002  FF                 	db	255
   699                           
   700                           ;Config register CONFIG4 @ 0x300003
   701                           ;	Brown-out Reset Voltage Selection bits
   702                           ;	BORV = VBOR_2P85, Brown-out Reset Voltage (VBOR) set to 2.8V
   703                           ;	ZCD Disable bit
   704                           ;	ZCD = OFF, ZCD module is disabled. ZCD can be enabled by setting the ZCDSEN bit of ZCD
      +                          CON
   705                           ;	PPSLOCK bit One-Way Set Enable bit
   706                           ;	PPS1WAY = ON, PPSLOCKED bit can be cleared and set only once; PPS registers remain loc
      +                          ked after one clear/set cycle
   707                           ;	Stack Full/Underflow Reset Enable bit
   708                           ;	STVREN = ON, Stack full/underflow will cause Reset
   709                           ;	Low Voltage Programming Enable bit
   710                           ;	LVP = ON, Low voltage programming enabled. MCLR/VPP pin function is MCLR. MCLRE config
      +                          uration bit is ignored
   711                           ;	Extended Instruction Set Enable bit
   712                           ;	XINST = OFF, Extended Instruction Set and Indexed Addressing Mode disabled
   713  300003                     	org	3145731
   714  300003  FC                 	db	252
   715                           
   716                           ;Config register CONFIG5 @ 0x300004
   717                           ;	WDT Period selection bits
   718                           ;	WDTCPS = WDTCPS_31, Divider ratio 1:65536; software control of WDTPS
   719                           ;	WDT operating mode
   720                           ;	WDTE = OFF, WDT Disabled; SWDTEN is ignored
   721  300004                     	org	3145732
   722  300004  9F                 	db	159
   723                           
   724                           ;Config register CONFIG6 @ 0x300005
   725                           ;	WDT Window Select bits
   726                           ;	WDTCWS = WDTCWS_7, window always open (100%); software control; keyed access not requi
      +                          red
   727                           ;	WDT input clock selector
   728                           ;	WDTCCS = SC, Software Control
   729  300005                     	org	3145733
   730  300005  FF                 	db	255
   731                           
   732                           ;Config register CONFIG7 @ 0x300006
   733                           ;	Boot Block Size selection bits
   734                           ;	BBSIZE = BBSIZE_512, Boot Block size is 512 words
   735                           ;	Boot Block enable bit
   736                           ;	BBEN = OFF, Boot block disabled
   737                           ;	Storage Area Flash enable bit
   738                           ;	SAFEN = OFF, SAF disabled
   739                           ;	Background Debugger
   740                           ;	DEBUG = OFF, Background Debugger disabled
   741  300006                     	org	3145734
   742  300006  FF                 	db	255
   743                           
   744                           ;Config register CONFIG8 @ 0x300007
   745                           ;	Boot Block Write Protection bit
   746                           ;	WRTB = OFF, Boot Block not Write protected
   747                           ;	Configuration Register Write Protection bit
   748                           ;	WRTC = OFF, Configuration registers not Write protected
   749                           ;	Data EEPROM Write Protection bit
   750                           ;	WRTD = OFF, Data EEPROM not Write protected
   751                           ;	SAF Write protection bit
   752                           ;	WRTSAF = OFF, SAF not Write Protected
   753                           ;	Application Block write protection bit
   754                           ;	WRTAPP = OFF, Application Block not write protected
   755  300007                     	org	3145735
   756  300007  FF                 	db	255
   757                           
   758                           ; Padding undefined space
   759  300008                     	org	3145736
   760  300008  FF                 	db	255
   761                           
   762                           ;Config register CONFIG10 @ 0x300009
   763                           ;	PFM and Data EEPROM Code Protection bit
   764                           ;	CP = OFF, PFM and Data EEPROM code protection disabled
   765  300009                     	org	3145737
   766  300009  FF                 	db	255
   767                           tosu	equ	0x4FF
   768                           tosh	equ	0x4FE
   769                           tosl	equ	0x4FD
   770                           stkptr	equ	0x4FC
   771                           pclatu	equ	0x4FB
   772                           pclath	equ	0x4FA
   773                           pcl	equ	0x4F9
   774                           tblptru	equ	0x4F8
   775                           tblptrh	equ	0x4F7
   776                           tblptrl	equ	0x4F6
   777                           tablat	equ	0x4F5
   778                           prodh	equ	0x4F4
   779                           prodl	equ	0x4F3
   780                           indf0	equ	0x4EF
   781                           postinc0	equ	0x4EE
   782                           postdec0	equ	0x4ED
   783                           preinc0	equ	0x4EC
   784                           plusw0	equ	0x4EB
   785                           fsr0h	equ	0x4EA
   786                           fsr0l	equ	0x4E9
   787                           wreg	equ	0x4E8
   788                           indf1	equ	0x4E7
   789                           postinc1	equ	0x4E6
   790                           postdec1	equ	0x4E5
   791                           preinc1	equ	0x4E4
   792                           plusw1	equ	0x4E3
   793                           fsr1h	equ	0x4E2
   794                           fsr1l	equ	0x4E1
   795                           bsr	equ	0x4E0
   796                           indf2	equ	0x4DF
   797                           postinc2	equ	0x4DE
   798                           postdec2	equ	0x4DD
   799                           preinc2	equ	0x4DC
   800                           plusw2	equ	0x4DB
   801                           fsr2h	equ	0x4DA
   802                           fsr2l	equ	0x4D9
   803                           status	equ	0x4D8

Data Sizes:
    Strings     0
    Constant    0
    Data        0
    BSS         13
    Persistent  0
    Stack       0

Auto Spaces:
    Space          Size  Autos    Used
    COMRAM           95      4      17
    BANK5           160      0       0
    BANK6           256      0       0
    BANK7           256      0       0
    BANK8           256      0       0
    BANK9           256      0       0
    BANK10          256      0       0
    BANK11          256      0       0
    BANK12          256      0       0
    BANK13          256      0       0
    BANK14          256      0       0
    BANK15          256      0       0
    BANK16          256      0       0
    BANK17          256      0       0
    BANK18          256      0       0
    BANK19          256      0       0
    BANK20          256      0       0
    BANK21          256      0       0
    BANK22          256      0       0
    BANK23          256      0       0
    BANK24          256      0       0
    BANK25          256      0       0
    BANK26          256      0       0
    BANK27          256      0       0
    BANK28          256      0       0
    BANK29          256      0       0
    BANK30          256      0       0
    BANK31          256      0       0
    BANK32          256      0       0
    BANK33          256      0       0
    BANK34          256      0       0
    BANK35          256      0       0
    BANK36          256      0       0
    BANK37          256      0       0

Pointer List with Targets:

    None.

Critical Paths under _main in COMRAM

    _main->_UserAppRun

Critical Paths under _main in BANK5

    None.

Critical Paths under _main in BANK6

    None.

Critical Paths under _main in BANK7

    None.

Critical Paths under _main in BANK8

    None.

Critical Paths under _main in BANK9

    None.

Critical Paths under _main in BANK10

    None.

Critical Paths under _main in BANK11

    None.

Critical Paths under _main in BANK12

    None.

Critical Paths under _main in BANK13

    None.

Critical Paths under _main in BANK14

    None.

Critical Paths under _main in BANK15

    None.

Critical Paths under _main in BANK16

    None.

Critical Paths under _main in BANK17

    None.

Critical Paths under _main in BANK18

    None.

Critical Paths under _main in BANK19

    None.

Critical Paths under _main in BANK20

    None.

Critical Paths under _main in BANK21

    None.

Critical Paths under _main in BANK22

    None.

Critical Paths under _main in BANK23

    None.

Critical Paths under _main in BANK24

    None.

Critical Paths under _main in BANK25

    None.

Critical Paths under _main in BANK26

    None.

Critical Paths under _main in BANK27

    None.

Critical Paths under _main in BANK28

    None.

Critical Paths under _main in BANK29

    None.

Critical Paths under _main in BANK30

    None.

Critical Paths under _main in BANK31

    None.

Critical Paths under _main in BANK32

    None.

Critical Paths under _main in BANK33

    None.

Critical Paths under _main in BANK34

    None.

Critical Paths under _main in BANK35

    None.

Critical Paths under _main in BANK36

    None.

Critical Paths under _main in BANK37

    None.

Call Graph Tables:

 ---------------------------------------------------------------------------------
 (Depth) Function   	        Calls       Base Space   Used Autos Params    Refs
 ---------------------------------------------------------------------------------
 (0) _main                                                 0     0      0     135
                         _ClockSetup
                          _GpioSetup
                       _SysTickSetup
                        _SystemSleep
                            _TimeXus
                  _UserAppInitialize
                         _UserAppRun
 ---------------------------------------------------------------------------------
 (1) _UserAppRun                                           4     4      0      15
                                              0 COMRAM     4     4      0
 ---------------------------------------------------------------------------------
 (1) _UserAppInitialize                                    0     0      0       0
 ---------------------------------------------------------------------------------
 (1) _TimeXus                                              2     0      2     120
                                              0 COMRAM     2     0      2
 ---------------------------------------------------------------------------------
 (1) _SystemSleep                                          0     0      0       0
 ---------------------------------------------------------------------------------
 (1) _SysTickSetup                                         0     0      0       0
 ---------------------------------------------------------------------------------
 (1) _GpioSetup                                            0     0      0       0
 ---------------------------------------------------------------------------------
 (1) _ClockSetup                                           0     0      0       0
 ---------------------------------------------------------------------------------
 Estimated maximum stack depth 1
 ---------------------------------------------------------------------------------

 Call Graph Graphs:

 _main (ROOT)
   _ClockSetup
   _GpioSetup
   _SysTickSetup
   _SystemSleep
   _TimeXus
   _UserAppInitialize
   _UserAppRun

 Address spaces:
Name               Size   Autos  Total    Cost      Usage
BIGRAM            20FF      0       0      71        0.0%
EEDATA             400      0       0       0        0.0%
BITBANK37          100      0       0      70        0.0%
BANK37             100      0       0      68        0.0%
BITBANK36          100      0       0      66        0.0%
BANK36             100      0       0      67        0.0%
BITBANK35          100      0       0      64        0.0%
BANK35             100      0       0      65        0.0%
BITBANK34          100      0       0      62        0.0%
BANK34             100      0       0      63        0.0%
BITBANK33          100      0       0      60        0.0%
BANK33             100      0       0      61        0.0%
BITBANK32          100      0       0      58        0.0%
BANK32             100      0       0      59        0.0%
BITBANK31          100      0       0      56        0.0%
BANK31             100      0       0      57        0.0%
BITBANK30          100      0       0      54        0.0%
BANK30             100      0       0      55        0.0%
BITBANK29          100      0       0      52        0.0%
BANK29             100      0       0      53        0.0%
BITBANK28          100      0       0      50        0.0%
BANK28             100      0       0      51        0.0%
BITBANK27          100      0       0      48        0.0%
BANK27             100      0       0      49        0.0%
BITBANK26          100      0       0      46        0.0%
BANK26             100      0       0      47        0.0%
BITBANK25          100      0       0      44        0.0%
BANK25             100      0       0      45        0.0%
BITBANK24          100      0       0      42        0.0%
BANK24             100      0       0      43        0.0%
BITBANK23          100      0       0      40        0.0%
BANK23             100      0       0      41        0.0%
BITBANK22          100      0       0      38        0.0%
BANK22             100      0       0      39        0.0%
BITBANK21          100      0       0      36        0.0%
BANK21             100      0       0      37        0.0%
BITBANK20          100      0       0      34        0.0%
BANK20             100      0       0      35        0.0%
BITBANK19          100      0       0      32        0.0%
BANK19             100      0       0      33        0.0%
BITBANK18          100      0       0      30        0.0%
BANK18             100      0       0      31        0.0%
BITBANK17          100      0       0      28        0.0%
BANK17             100      0       0      29        0.0%
BITBANK16          100      0       0      26        0.0%
BANK16             100      0       0      27        0.0%
BITBANK15          100      0       0      24        0.0%
BANK15             100      0       0      25        0.0%
BITBANK14          100      0       0      22        0.0%
BANK14             100      0       0      23        0.0%
BITBANK13          100      0       0      20        0.0%
BANK13             100      0       0      21        0.0%
BITBANK12          100      0       0      18        0.0%
BANK12             100      0       0      19        0.0%
BITBANK11          100      0       0      16        0.0%
BANK11             100      0       0      17        0.0%
BITBANK10          100      0       0      14        0.0%
BANK10             100      0       0      15        0.0%
BITBANK9           100      0       0      12        0.0%
BANK9              100      0       0      13        0.0%
BITBANK8           100      0       0      10        0.0%
BANK8              100      0       0      11        0.0%
BITBANK7           100      0       0       8        0.0%
BANK7              100      0       0       9        0.0%
BITBANK6           100      0       0       6        0.0%
BANK6              100      0       0       7        0.0%
BITBANK5            A0      0       0       4        0.0%
BANK5               A0      0       0       5        0.0%
BITCOMRAM           5F      0       0       0        0.0%
COMRAM              5F      4      11       1       17.9%
BITSFR_5             0      0       0     200        0.0%
SFR_5                0      0       0     200        0.0%
BITSFR_4             0      0       0     200        0.0%
SFR_4                0      0       0     200        0.0%
BITSFR_3             0      0       0     200        0.0%
SFR_3                0      0       0     200        0.0%
BITSFR_2             0      0       0     200        0.0%
SFR_2                0      0       0     200        0.0%
BITSFR_1             0      0       0     200        0.0%
SFR_1                0      0       0     200        0.0%
BITSFR               0      0       0     200        0.0%
SFR                  0      0       0     200        0.0%
STACK                0      0       0       2        0.0%
NULL                 0      0       0       0        0.0%
ABS                  0      0      11      69        0.0%
DATA                 0      0      11       3        0.0%
CODE                 0      0       0       0        0.0%


Microchip Technology PIC18 Macro Assembler V2.31 build 20201012212115 
Symbol Table                                                                                   Thu Mar 04 17:06:06 2021

     __size_of_SysTickSetup 0022                          l13 FF26                          l22 FF28  
                        l16 FF38                          l19 FF90                          l52 FFE4  
                        l82 FF6E                          l76 FF48                          l79 FFBA  
                        u20 FFF2                          u21 FFEE                         l802 FF70  
                       l810 FF6A                         l812 FF6C                         l804 FF5C  
                       l820 FFC6                         l806 FF60                         l830 FFD8  
                       l822 FFCA                         l814 FFBC                         l808 FF64  
                       l832 FFF2                         l824 FFCE                         l816 FFBE  
                       l762 FF3A                         l770 FFB4                         l826 FFD2  
                       l818 FFC2                         l764 FF92                         l828 FFD4  
                       l758 FF2A                         l766 FF9C                         l768 FFA8  
                       wreg 0004E8                        _LATA 0004BE                        _PIR3 0004B1  
                      _main FFBC                _SysTickSetup FF70                        start FFFC  
            TimeXus@u16Time 050E        __size_of_SystemSleep 0002                ___param_bank 000000  
                _ClockSetup FF26             __end_of_TimeXus FF70                       ?_main 050E  
                     _TMR0H 000319                       _TMR0L 000318                       _PORTA 0004CE  
                     _TRISA 0004C6             __initialization FF4A                __end_of_main FFFC  
                    ??_main 0512               __activetblptr 000000                      _ANSELA 000400  
                    _T0CON0 00031A                      _T0CON1 00031B          __size_of_GpioSetup 0010  
                 ??_TimeXus 0510                 ?_ClockSetup 050E                      clear_0 FF50  
                _UserAppRun FF92                  __accesstop 0560     __end_of__initialization FF56  
             ___rparam_used 000001            _G_u8UserAppFlags 050D              __pcstackCOMRAM 050E  
         __end_of_GpioSetup FF3A         __size_of_ClockSetup 0002                 ?_UserAppRun 050E  
             ??_SystemSleep 050E                     __Hparam 0000                     __Lparam 0000  
                   _TimeXus FF5C                     __pcinit FF4A                     __ramtop 2600  
                   __ptext0 FFBC                     __ptext1 FF92                     __ptext2 FF3A  
                   __ptext3 FF5C                     __ptext4 FF28                     __ptext5 FF70  
                   __ptext6 FF2A                     __ptext7 FF26        end_of_initialization FF56  
          _G_u32SystemFlags 0501                     postinc0 0004EE         __end_of_SystemSleep FF2A  
              ??_ClockSetup 050E         __size_of_UserAppRun 002A        UserAppRun@u32Counter 050E  
        __end_of_ClockSetup FF28                   _GpioSetup FF2A         start_initialization FF4A  
             ?_SysTickSetup 050E                 _SystemSleep FF28                  ?_GpioSetup 050E  
               __pbssCOMRAM 0501           _UserAppInitialize FF3A                ??_UserAppRun 050E  
        ?_UserAppInitialize 050E              ??_SysTickSetup 050E         ??_UserAppInitialize 050E  
                  ?_TimeXus 050E          __end_of_UserAppRun FFBC   __end_of_UserAppInitialize FF4A  
               ??_GpioSetup 050E                    __Hrparam 0000                    __Lrparam 0000  
          __size_of_TimeXus 0014        __end_of_SysTickSetup FF92  __size_of_UserAppInitialize 0010  
             __size_of_main 0040                ?_SystemSleep 050E          _G_u32SystemTime1ms 0509  
         _G_u32SystemTime1s 0505  
