

Microchip MPLAB XC8 Assembler V2.31 build 20201012212115 
                                                                                               Mon Feb 08 19:51:21 2021

Microchip MPLAB XC8 C Compiler v2.31 (Free license) build 20201012212115 Og1 
     1                           	processor	18F27Q43
     2                           	fnconf	rparam,??,?,0
     3                           	pagewidth 120
     4                           	opt	flic
     5                           	psect	idataCOMRAM,global,class=CODE,delta=1,noexec
     6                           	psect	cinit,global,reloc=2,class=CODE,delta=1
     7                           	psect	bssCOMRAM,global,class=COMRAM,space=1,delta=1,lowdata,noexec
     8                           	psect	dataCOMRAM,global,class=COMRAM,space=1,delta=1,lowdata,noexec
     9                           	psect	cstackCOMRAM,global,class=COMRAM,space=1,delta=1,lowdata,noexec
    10                           	psect	text0,global,reloc=2,class=CODE,delta=1
    11                           	psect	text1,global,reloc=2,class=CODE,delta=1
    12                           	psect	text2,global,reloc=2,class=CODE,delta=1
    13                           	psect	text3,global,reloc=2,class=CODE,delta=1
    14                           	psect	text4,global,reloc=2,class=CODE,delta=1
    15                           	psect	text5,global,reloc=2,class=CODE,delta=1
    16                           	psect	text6,global,reloc=2,class=CODE,delta=1
    17                           	psect	intsave_regs,global,class=BIGRAM,space=1,delta=1,noexec
    18                           	psect	rparam,global,class=COMRAM,space=1,delta=1,noexec
    19                           	psect	idloc,global,abs,ovrld,class=IDLOC,space=5,delta=1,noexec
    20                           	psect	config,global,abs,ovrld,class=CONFIG,space=4,delta=1,noexec
    21  0000                     
    22                           ; Version 2.30
    23                           ; Generated 20/08/2020 GMT
    24                           ; 
    25                           ; Copyright © 2020, Microchip Technology Inc. and its subsidiaries ("Microchip")
    26                           ; All rights reserved.
    27                           ; 
    28                           ; This software is developed by Microchip Technology Inc. and its subsidiaries ("Microch
      +                          ip").
    29                           ; 
    30                           ; Redistribution and use in source and binary forms, with or without modification, are
    31                           ; permitted provided that the following conditions are met:
    32                           ; 
    33                           ;     1. Redistributions of source code must retain the above copyright notice, this lis
      +                          t of
    34                           ;        conditions and the following disclaimer.
    35                           ; 
    36                           ;     2. Redistributions in binary form must reproduce the above copyright notice, this 
      +                          list
    37                           ;        of conditions and the following disclaimer in the documentation and/or other
    38                           ;        materials provided with the distribution. Publication is not required when
    39                           ;        this file is used in an embedded application.
    40                           ; 
    41                           ;     3. Microchip's name may not be used to endorse or promote products derived from th
      +                          is
    42                           ;        software without specific prior written permission.
    43                           ; 
    44                           ; THIS SOFTWARE IS PROVIDED BY MICROCHIP "AS IS" AND ANY EXPRESS OR IMPLIED WARRANTIES,
    45                           ; INCLUDING, BUT NOT LIMITED TO, THE IMPLIED WARRANTIES OF MERCHANTABILITY AND FITNESS F
      +                          OR
    46                           ; PURPOSE ARE DISCLAIMED.  IN NO EVENT SHALL MICROCHIP BE LIABLE FOR ANY DIRECT, INDIREC
      +                          T,
    47                           ; INCIDENTAL, SPECIAL, EXEMPLARY, OR CONSEQUENTIAL DAMAGES (INCLUDING BUT NOT LIMITED TO
    48                           ; PROCUREMENT OF SUBSTITUTE GOODS OR SERVICES; LOSS OF USE, DATA OR PROFITS; OR BUSINESS
    49                           ; INTERRUPTION) HOWSOEVER CAUSED AND ON ANY THEORY OF LIABILITY, WHETHER IN CONTRACT, ST
      +                          RICT
    50                           ; LIABILITY, OR TORT (INCLUDING NEGLIGENCE OR OTHERWISE) ARISING IN ANY WAY OUT OF THE U
      +                          SE OF
    51                           ; THIS SOFTWARE, EVEN IF ADVISED OF THE POSSIBILITY OF SUCH DAMAGE.
    52                           ; 
    53                           ; 
    54                           ; Code-generator required, PIC18F27Q43 Definitions
    55                           ; 
    56                           ; SFR Addresses
    57  0000                     
    58                           	psect	idataCOMRAM
    59  01FF02                     __pidataCOMRAM:
    60                           	callstack 0
    61                           
    62                           ;initializer for UserAppRun@u32Counter
    63  01FF02  0080               	dw	128
    64  01FF04  0000               	dw	0
    65  0000                     _ANSELA	set	1024
    66  0000                     _LATA	set	1214
    67  0000                     _TRISA	set	1222
    68  0000                     _PORTA	set	1230
    69                           
    70                           ; #config settings
    71                           
    72                           	psect	cinit
    73  01FF5A                     __pcinit:
    74                           	callstack 0
    75  01FF5A                     start_initialization:
    76                           	callstack 0
    77  01FF5A                     __initialization:
    78                           	callstack 0
    79                           
    80                           ; Initialize objects allocated to COMRAM (4 bytes)
    81                           ; load TBLPTR registers with __pidataCOMRAM
    82  01FF5A  0E02               	movlw	low __pidataCOMRAM
    83  01FF5C  6EF6               	movwf	tblptrl,c
    84  01FF5E  0EFF               	movlw	high __pidataCOMRAM
    85  01FF60  6EF7               	movwf	tblptrh,c
    86  01FF62  0E01               	movlw	low (__pidataCOMRAM shr (0+16))
    87  01FF64  6EF8               	movwf	tblptru,c
    88  01FF66  EE01  F114         	lfsr	0,__pdataCOMRAM
    89  01FF6A  EE10 F004          	lfsr	1,4
    90  01FF6E                     copy_data0:
    91  01FF6E  0009               	tblrd		*+
    92  01FF70  C4F5 F4EE          	movff	tablat,postinc0
    93  01FF74  50E5               	movf	postdec1,w,c
    94  01FF76  50E1               	movf	fsr1l,w,c
    95  01FF78  E1FA               	bnz	copy_data0
    96                           
    97                           ; Clear objects allocated to COMRAM (13 bytes)
    98  01FF7A  EE01  F101         	lfsr	0,__pbssCOMRAM
    99  01FF7E  0E0D               	movlw	13
   100  01FF80                     clear_0:
   101  01FF80  6AEE               	clrf	postinc0,c
   102  01FF82  06E8               	decf	wreg,f,c
   103  01FF84  E1FD               	bnz	clear_0
   104  01FF86                     end_of_initialization:
   105                           	callstack 0
   106  01FF86                     __end_of__initialization:
   107                           	callstack 0
   108  01FF86  0100               	movlb	0
   109  01FF88  EF9C  F0FF         	goto	_main	;jump to C main() function
   110                           
   111                           	psect	bssCOMRAM
   112  000501                     __pbssCOMRAM:
   113                           	callstack 0
   114  000501                     _G_u32SystemFlags:
   115                           	callstack 0
   116  000501                     	ds	4
   117  000505                     _G_u32SystemTime1s:
   118                           	callstack 0
   119  000505                     	ds	4
   120  000509                     _G_u32SystemTime1ms:
   121                           	callstack 0
   122  000509                     	ds	4
   123  00050D                     _G_u8UserAppFlags:
   124                           	callstack 0
   125  00050D                     	ds	1
   126                           
   127                           	psect	dataCOMRAM
   128  000514                     __pdataCOMRAM:
   129                           	callstack 0
   130  000514                     UserAppRun@u32Counter:
   131                           	callstack 0
   132  000514                     	ds	4
   133                           
   134                           	psect	cstackCOMRAM
   135  00050E                     __pcstackCOMRAM:
   136                           	callstack 0
   137  00050E                     UserAppRun@counter:
   138                           	callstack 0
   139                           
   140                           ; 2 bytes @ 0x0
   141  00050E                     	ds	2
   142  000510                     UserAppRun@u32Counter_63:
   143                           	callstack 0
   144                           
   145                           ; 4 bytes @ 0x2
   146  000510                     	ds	4
   147  000514                     
   148                           ; 1 bytes @ 0x6
   149 ;;
   150 ;;Main: autosize = 0, tempsize = 0, incstack = 0, save=0
   151 ;;
   152 ;; *************** function _main *****************
   153 ;; Defined at:
   154 ;;		line 35 in file "main.c"
   155 ;; Parameters:    Size  Location     Type
   156 ;;		None
   157 ;; Auto vars:     Size  Location     Type
   158 ;;		None
   159 ;; Return value:  Size  Location     Type
   160 ;;                  1    wreg      void 
   161 ;; Registers used:
   162 ;;		wreg, status,2, status,0, cstack
   163 ;; Tracked objects:
   164 ;;		On entry : 0/0
   165 ;;		On exit  : 0/0
   166 ;;		Unchanged: 0/0
   167 ;; Data sizes:     COMRAM   BANK5   BANK6   BANK7   BANK8   BANK9  BANK10  BANK11  BANK12  BANK13  BANK14  BANK15  BANK1
      +6  BANK17  BANK18  BANK19  BANK20  BANK21  BANK22  BANK23  BANK24  BANK25  BANK26  BANK27  BANK28  BANK29  BANK30  BANK3
      +1  BANK32  BANK33  BANK34  BANK35  BANK36  BANK37
   168 ;;      Params:         0       0       0       0       0       0       0       0       0       0       0       0       
      +0       0       0       0       0       0       0       0       0       0       0       0       0       0       0       
      +0       0       0       0       0       0       0
   169 ;;      Locals:         0       0       0       0       0       0       0       0       0       0       0       0       
      +0       0       0       0       0       0       0       0       0       0       0       0       0       0       0       
      +0       0       0       0       0       0       0
   170 ;;      Temps:          0       0       0       0       0       0       0       0       0       0       0       0       
      +0       0       0       0       0       0       0       0       0       0       0       0       0       0       0       
      +0       0       0       0       0       0       0
   171 ;;      Totals:         0       0       0       0       0       0       0       0       0       0       0       0       
      +0       0       0       0       0       0       0       0       0       0       0       0       0       0       0       
      +0       0       0       0       0       0       0
   172 ;;Total ram usage:        0 bytes
   173 ;; Hardware stack levels required when called:    1
   174 ;; This function calls:
   175 ;;		_ClockSetup
   176 ;;		_GpioSetup
   177 ;;		_SysTickSetup
   178 ;;		_SystemSleep
   179 ;;		_UserAppInitialize
   180 ;;		_UserAppRun
   181 ;; This function is called by:
   182 ;;		Startup code after reset
   183 ;; This function uses a non-reentrant model
   184 ;;
   185                           
   186                           	psect	text0
   187  01FF38                     __ptext0:
   188                           	callstack 0
   189  01FF38                     _main:
   190                           	callstack 127
   191  01FF38                     
   192                           ;main.c: 37:   G_u32SystemFlags |= (u32)0x80000000;
   193  01FF38  8E04               	bsf	(_G_u32SystemFlags+3)^(0+1280),7,c	;volatile
   194  01FF3A                     
   195                           ;main.c: 40:   ClockSetup();
   196  01FF3A  EC7E  F0FF         	call	_ClockSetup	;wreg free
   197  01FF3E                     
   198                           ;main.c: 41:   SysTickSetup();
   199  01FF3E  EC8B  F0FF         	call	_SysTickSetup	;wreg free
   200  01FF42                     
   201                           ;main.c: 42:   GpioSetup();
   202  01FF42  EC83  F0FF         	call	_GpioSetup	;wreg free
   203  01FF46                     
   204                           ;main.c: 47:   UserAppInitialize();
   205  01FF46  EC80  F0FF         	call	_UserAppInitialize	;wreg free
   206  01FF4A                     l789:
   207                           
   208                           ;main.c: 53:   {;main.c: 57:     UserAppRun();
   209  01FF4A  ECC6  F0FF         	call	_UserAppRun	;wreg free
   210  01FF4E                     
   211                           ;main.c: 62:     SystemSleep();
   212  01FF4E  EC7F  F0FF         	call	_SystemSleep	;wreg free
   213  01FF52  EFA5  F0FF         	goto	l789
   214  01FF56  EFFE  F0FF         	goto	start
   215  01FF5A                     __end_of_main:
   216                           	callstack 0
   217                           
   218 ;; *************** function _UserAppRun *****************
   219 ;; Defined at:
   220 ;;		line 95 in file "user_app.c"
   221 ;; Parameters:    Size  Location     Type
   222 ;;		None
   223 ;; Auto vars:     Size  Location     Type
   224 ;;  u32Counter      4    2[COMRAM] unsigned long 
   225 ;;  counter         2    0[COMRAM] int 
   226 ;; Return value:  Size  Location     Type
   227 ;;                  1    wreg      void 
   228 ;; Registers used:
   229 ;;		wreg, status,2, status,0
   230 ;; Tracked objects:
   231 ;;		On entry : 0/0
   232 ;;		On exit  : 0/0
   233 ;;		Unchanged: 0/0
   234 ;; Data sizes:     COMRAM   BANK5   BANK6   BANK7   BANK8   BANK9  BANK10  BANK11  BANK12  BANK13  BANK14  BANK15  BANK1
      +6  BANK17  BANK18  BANK19  BANK20  BANK21  BANK22  BANK23  BANK24  BANK25  BANK26  BANK27  BANK28  BANK29  BANK30  BANK3
      +1  BANK32  BANK33  BANK34  BANK35  BANK36  BANK37
   235 ;;      Params:         0       0       0       0       0       0       0       0       0       0       0       0       
      +0       0       0       0       0       0       0       0       0       0       0       0       0       0       0       
      +0       0       0       0       0       0       0
   236 ;;      Locals:         6       0       0       0       0       0       0       0       0       0       0       0       
      +0       0       0       0       0       0       0       0       0       0       0       0       0       0       0       
      +0       0       0       0       0       0       0
   237 ;;      Temps:          0       0       0       0       0       0       0       0       0       0       0       0       
      +0       0       0       0       0       0       0       0       0       0       0       0       0       0       0       
      +0       0       0       0       0       0       0
   238 ;;      Totals:         6       0       0       0       0       0       0       0       0       0       0       0       
      +0       0       0       0       0       0       0       0       0       0       0       0       0       0       0       
      +0       0       0       0       0       0       0
   239 ;;Total ram usage:        6 bytes
   240 ;; Hardware stack levels used:    1
   241 ;; This function calls:
   242 ;;		Nothing
   243 ;; This function is called by:
   244 ;;		_main
   245 ;; This function uses a non-reentrant model
   246 ;;
   247                           
   248                           	psect	text1
   249  01FF8C                     __ptext1:
   250                           	callstack 0
   251  01FF8C                     _UserAppRun:
   252                           	callstack 127
   253  01FF8C                     
   254                           ;user_app.c: 97:  int counter = 0;
   255  01FF8C  0E00               	movlw	0
   256  01FF8E  6E0F               	movwf	(UserAppRun@counter+1)^(0+1280),c
   257  01FF90  0E00               	movlw	0
   258  01FF92  6E0E               	movwf	UserAppRun@counter^(0+1280),c
   259                           
   260                           ;user_app.c: 98:  static u32 u32Counter = 0b10000000;;user_app.c: 99:  while(counter <= 
      +                          64)
   261  01FF94  EFEF  F0FF         	goto	l761
   262  01FF98                     l747:
   263                           
   264                           ;user_app.c: 100:  {;user_app.c: 101:   u32Counter += 0b00000001;
   265  01FF98  0E01               	movlw	1
   266  01FF9A  2614               	addwf	UserAppRun@u32Counter^(0+1280),f,c
   267  01FF9C  0E00               	movlw	0
   268  01FF9E  2215               	addwfc	(UserAppRun@u32Counter+1)^(0+1280),f,c
   269  01FFA0  2216               	addwfc	(UserAppRun@u32Counter+2)^(0+1280),f,c
   270  01FFA2  2217               	addwfc	(UserAppRun@u32Counter+3)^(0+1280),f,c
   271  01FFA4                     
   272                           ;user_app.c: 102:   LATA = u32Counter;
   273  01FFA4  0061  F450  F4BE   	movff	UserAppRun@u32Counter,1214	;volatile
   274  01FFAA                     
   275                           ;user_app.c: 103:   counter++;
   276  01FFAA  4A0E               	infsnz	UserAppRun@counter^(0+1280),f,c
   277  01FFAC  2A0F               	incf	(UserAppRun@counter+1)^(0+1280),f,c
   278  01FFAE                     
   279                           ;user_app.c: 104:   for(u32 u32Counter = 800000; u32Counter > 0; u32Counter--)
   280  01FFAE  0E00               	movlw	0
   281  01FFB0  6E10               	movwf	UserAppRun@u32Counter_63^(0+1280),c
   282  01FFB2  0E35               	movlw	53
   283  01FFB4  6E11               	movwf	(UserAppRun@u32Counter_63+1)^(0+1280),c
   284  01FFB6  0E0C               	movlw	12
   285  01FFB8  6E12               	movwf	(UserAppRun@u32Counter_63+2)^(0+1280),c
   286  01FFBA  0E00               	movlw	0
   287  01FFBC  6E13               	movwf	(UserAppRun@u32Counter_63+3)^(0+1280),c
   288  01FFBE                     l759:
   289                           
   290                           ;user_app.c: 105:   {;user_app.c: 107:   }
   291  01FFBE  0610               	decf	UserAppRun@u32Counter_63^(0+1280),f,c
   292  01FFC0  0E00               	movlw	0
   293  01FFC2  5A11               	subwfb	(UserAppRun@u32Counter_63+1)^(0+1280),f,c
   294  01FFC4  5A12               	subwfb	(UserAppRun@u32Counter_63+2)^(0+1280),f,c
   295  01FFC6  5A13               	subwfb	(UserAppRun@u32Counter_63+3)^(0+1280),f,c
   296  01FFC8  5010               	movf	UserAppRun@u32Counter_63^(0+1280),w,c
   297  01FFCA  1011               	iorwf	(UserAppRun@u32Counter_63+1)^(0+1280),w,c
   298  01FFCC  1012               	iorwf	(UserAppRun@u32Counter_63+2)^(0+1280),w,c
   299  01FFCE  1013               	iorwf	(UserAppRun@u32Counter_63+3)^(0+1280),w,c
   300  01FFD0  A4D8               	btfss	status,2,c
   301  01FFD2  EFED  F0FF         	goto	u11
   302  01FFD6  EFEF  F0FF         	goto	u10
   303  01FFDA                     u11:
   304  01FFDA  EFDF  F0FF         	goto	l759
   305  01FFDE                     u10:
   306  01FFDE                     l761:
   307                           
   308                           ;user_app.c: 99:  while(counter <= 64)
   309  01FFDE  BE0F               	btfsc	(UserAppRun@counter+1)^(0+1280),7,c
   310  01FFE0  EFFB  F0FF         	goto	u21
   311  01FFE4  500F               	movf	(UserAppRun@counter+1)^(0+1280),w,c
   312  01FFE6  E109               	bnz	u20
   313  01FFE8  0E41               	movlw	65
   314  01FFEA  5C0E               	subwf	UserAppRun@counter^(0+1280),w,c
   315  01FFEC  A0D8               	btfss	status,0,c
   316  01FFEE  EFFB  F0FF         	goto	u21
   317  01FFF2  EFFD  F0FF         	goto	u20
   318  01FFF6                     u21:
   319  01FFF6  EFCC  F0FF         	goto	l747
   320  01FFFA                     u20:
   321  01FFFA  0012               	return		;funcret
   322  01FFFC                     __end_of_UserAppRun:
   323                           	callstack 0
   324                           
   325 ;; *************** function _UserAppInitialize *****************
   326 ;; Defined at:
   327 ;;		line 76 in file "user_app.c"
   328 ;; Parameters:    Size  Location     Type
   329 ;;		None
   330 ;; Auto vars:     Size  Location     Type
   331 ;;		None
   332 ;; Return value:  Size  Location     Type
   333 ;;                  1    wreg      void 
   334 ;; Registers used:
   335 ;;		None
   336 ;; Tracked objects:
   337 ;;		On entry : 0/0
   338 ;;		On exit  : 0/0
   339 ;;		Unchanged: 0/0
   340 ;; Data sizes:     COMRAM   BANK5   BANK6   BANK7   BANK8   BANK9  BANK10  BANK11  BANK12  BANK13  BANK14  BANK15  BANK1
      +6  BANK17  BANK18  BANK19  BANK20  BANK21  BANK22  BANK23  BANK24  BANK25  BANK26  BANK27  BANK28  BANK29  BANK30  BANK3
      +1  BANK32  BANK33  BANK34  BANK35  BANK36  BANK37
   341 ;;      Params:         0       0       0       0       0       0       0       0       0       0       0       0       
      +0       0       0       0       0       0       0       0       0       0       0       0       0       0       0       
      +0       0       0       0       0       0       0
   342 ;;      Locals:         0       0       0       0       0       0       0       0       0       0       0       0       
      +0       0       0       0       0       0       0       0       0       0       0       0       0       0       0       
      +0       0       0       0       0       0       0
   343 ;;      Temps:          0       0       0       0       0       0       0       0       0       0       0       0       
      +0       0       0       0       0       0       0       0       0       0       0       0       0       0       0       
      +0       0       0       0       0       0       0
   344 ;;      Totals:         0       0       0       0       0       0       0       0       0       0       0       0       
      +0       0       0       0       0       0       0       0       0       0       0       0       0       0       0       
      +0       0       0       0       0       0       0
   345 ;;Total ram usage:        0 bytes
   346 ;; Hardware stack levels used:    1
   347 ;; This function calls:
   348 ;;		Nothing
   349 ;; This function is called by:
   350 ;;		_main
   351 ;; This function uses a non-reentrant model
   352 ;;
   353                           
   354                           	psect	text2
   355  01FF00                     __ptext2:
   356                           	callstack 0
   357  01FF00                     _UserAppInitialize:
   358                           	callstack 127
   359  01FF00  0012               	return		;funcret
   360  01FF02                     __end_of_UserAppInitialize:
   361                           	callstack 0
   362                           
   363 ;; *************** function _SystemSleep *****************
   364 ;; Defined at:
   365 ;;		line 131 in file "encm369_pic18.c"
   366 ;; Parameters:    Size  Location     Type
   367 ;;		None
   368 ;; Auto vars:     Size  Location     Type
   369 ;;		None
   370 ;; Return value:  Size  Location     Type
   371 ;;                  1    wreg      void 
   372 ;; Registers used:
   373 ;;		None
   374 ;; Tracked objects:
   375 ;;		On entry : 0/0
   376 ;;		On exit  : 0/0
   377 ;;		Unchanged: 0/0
   378 ;; Data sizes:     COMRAM   BANK5   BANK6   BANK7   BANK8   BANK9  BANK10  BANK11  BANK12  BANK13  BANK14  BANK15  BANK1
      +6  BANK17  BANK18  BANK19  BANK20  BANK21  BANK22  BANK23  BANK24  BANK25  BANK26  BANK27  BANK28  BANK29  BANK30  BANK3
      +1  BANK32  BANK33  BANK34  BANK35  BANK36  BANK37
   379 ;;      Params:         0       0       0       0       0       0       0       0       0       0       0       0       
      +0       0       0       0       0       0       0       0       0       0       0       0       0       0       0       
      +0       0       0       0       0       0       0
   380 ;;      Locals:         0       0       0       0       0       0       0       0       0       0       0       0       
      +0       0       0       0       0       0       0       0       0       0       0       0       0       0       0       
      +0       0       0       0       0       0       0
   381 ;;      Temps:          0       0       0       0       0       0       0       0       0       0       0       0       
      +0       0       0       0       0       0       0       0       0       0       0       0       0       0       0       
      +0       0       0       0       0       0       0
   382 ;;      Totals:         0       0       0       0       0       0       0       0       0       0       0       0       
      +0       0       0       0       0       0       0       0       0       0       0       0       0       0       0       
      +0       0       0       0       0       0       0
   383 ;;Total ram usage:        0 bytes
   384 ;; Hardware stack levels used:    1
   385 ;; This function calls:
   386 ;;		Nothing
   387 ;; This function is called by:
   388 ;;		_main
   389 ;; This function uses a non-reentrant model
   390 ;;
   391                           
   392                           	psect	text3
   393  01FEFE                     __ptext3:
   394                           	callstack 0
   395  01FEFE                     _SystemSleep:
   396                           	callstack 127
   397  01FEFE  0012               	return		;funcret
   398  01FF00                     __end_of_SystemSleep:
   399                           	callstack 0
   400                           
   401 ;; *************** function _SysTickSetup *****************
   402 ;; Defined at:
   403 ;;		line 109 in file "encm369_pic18.c"
   404 ;; Parameters:    Size  Location     Type
   405 ;;		None
   406 ;; Auto vars:     Size  Location     Type
   407 ;;		None
   408 ;; Return value:  Size  Location     Type
   409 ;;                  1    wreg      void 
   410 ;; Registers used:
   411 ;;		wreg, status,2
   412 ;; Tracked objects:
   413 ;;		On entry : 0/0
   414 ;;		On exit  : 0/0
   415 ;;		Unchanged: 0/0
   416 ;; Data sizes:     COMRAM   BANK5   BANK6   BANK7   BANK8   BANK9  BANK10  BANK11  BANK12  BANK13  BANK14  BANK15  BANK1
      +6  BANK17  BANK18  BANK19  BANK20  BANK21  BANK22  BANK23  BANK24  BANK25  BANK26  BANK27  BANK28  BANK29  BANK30  BANK3
      +1  BANK32  BANK33  BANK34  BANK35  BANK36  BANK37
   417 ;;      Params:         0       0       0       0       0       0       0       0       0       0       0       0       
      +0       0       0       0       0       0       0       0       0       0       0       0       0       0       0       
      +0       0       0       0       0       0       0
   418 ;;      Locals:         0       0       0       0       0       0       0       0       0       0       0       0       
      +0       0       0       0       0       0       0       0       0       0       0       0       0       0       0       
      +0       0       0       0       0       0       0
   419 ;;      Temps:          0       0       0       0       0       0       0       0       0       0       0       0       
      +0       0       0       0       0       0       0       0       0       0       0       0       0       0       0       
      +0       0       0       0       0       0       0
   420 ;;      Totals:         0       0       0       0       0       0       0       0       0       0       0       0       
      +0       0       0       0       0       0       0       0       0       0       0       0       0       0       0       
      +0       0       0       0       0       0       0
   421 ;;Total ram usage:        0 bytes
   422 ;; Hardware stack levels used:    1
   423 ;; This function calls:
   424 ;;		Nothing
   425 ;; This function is called by:
   426 ;;		_main
   427 ;; This function uses a non-reentrant model
   428 ;;
   429                           
   430                           	psect	text4
   431  01FF16                     __ptext4:
   432                           	callstack 0
   433  01FF16                     _SysTickSetup:
   434                           	callstack 127
   435  01FF16                     
   436                           ;encm369_pic18.c: 111:   G_u32SystemTime1ms = 0;
   437  01FF16  0E00               	movlw	0
   438  01FF18  6E09               	movwf	_G_u32SystemTime1ms^(0+1280),c	;volatile
   439  01FF1A  0E00               	movlw	0
   440  01FF1C  6E0A               	movwf	(_G_u32SystemTime1ms+1)^(0+1280),c	;volatile
   441  01FF1E  0E00               	movlw	0
   442  01FF20  6E0B               	movwf	(_G_u32SystemTime1ms+2)^(0+1280),c	;volatile
   443  01FF22  0E00               	movlw	0
   444  01FF24  6E0C               	movwf	(_G_u32SystemTime1ms+3)^(0+1280),c	;volatile
   445                           
   446                           ;encm369_pic18.c: 112:   G_u32SystemTime1s = 0;
   447  01FF26  0E00               	movlw	0
   448  01FF28  6E05               	movwf	_G_u32SystemTime1s^(0+1280),c	;volatile
   449  01FF2A  0E00               	movlw	0
   450  01FF2C  6E06               	movwf	(_G_u32SystemTime1s+1)^(0+1280),c	;volatile
   451  01FF2E  0E00               	movlw	0
   452  01FF30  6E07               	movwf	(_G_u32SystemTime1s+2)^(0+1280),c	;volatile
   453  01FF32  0E00               	movlw	0
   454  01FF34  6E08               	movwf	(_G_u32SystemTime1s+3)^(0+1280),c	;volatile
   455  01FF36  0012               	return		;funcret
   456  01FF38                     __end_of_SysTickSetup:
   457                           	callstack 0
   458                           
   459 ;; *************** function _GpioSetup *****************
   460 ;; Defined at:
   461 ;;		line 89 in file "encm369_pic18.c"
   462 ;; Parameters:    Size  Location     Type
   463 ;;		None
   464 ;; Auto vars:     Size  Location     Type
   465 ;;		None
   466 ;; Return value:  Size  Location     Type
   467 ;;                  1    wreg      void 
   468 ;; Registers used:
   469 ;;		wreg, status,2
   470 ;; Tracked objects:
   471 ;;		On entry : 0/0
   472 ;;		On exit  : 0/0
   473 ;;		Unchanged: 0/0
   474 ;; Data sizes:     COMRAM   BANK5   BANK6   BANK7   BANK8   BANK9  BANK10  BANK11  BANK12  BANK13  BANK14  BANK15  BANK1
      +6  BANK17  BANK18  BANK19  BANK20  BANK21  BANK22  BANK23  BANK24  BANK25  BANK26  BANK27  BANK28  BANK29  BANK30  BANK3
      +1  BANK32  BANK33  BANK34  BANK35  BANK36  BANK37
   475 ;;      Params:         0       0       0       0       0       0       0       0       0       0       0       0       
      +0       0       0       0       0       0       0       0       0       0       0       0       0       0       0       
      +0       0       0       0       0       0       0
   476 ;;      Locals:         0       0       0       0       0       0       0       0       0       0       0       0       
      +0       0       0       0       0       0       0       0       0       0       0       0       0       0       0       
      +0       0       0       0       0       0       0
   477 ;;      Temps:          0       0       0       0       0       0       0       0       0       0       0       0       
      +0       0       0       0       0       0       0       0       0       0       0       0       0       0       0       
      +0       0       0       0       0       0       0
   478 ;;      Totals:         0       0       0       0       0       0       0       0       0       0       0       0       
      +0       0       0       0       0       0       0       0       0       0       0       0       0       0       0       
      +0       0       0       0       0       0       0
   479 ;;Total ram usage:        0 bytes
   480 ;; Hardware stack levels used:    1
   481 ;; This function calls:
   482 ;;		Nothing
   483 ;; This function is called by:
   484 ;;		_main
   485 ;; This function uses a non-reentrant model
   486 ;;
   487                           
   488                           	psect	text5
   489  01FF06                     __ptext5:
   490                           	callstack 0
   491  01FF06                     _GpioSetup:
   492                           	callstack 127
   493  01FF06                     
   494                           ;encm369_pic18.c: 91:     PORTA = 0b10000000;
   495  01FF06  0E80               	movlw	128
   496  01FF08  6ECE               	movwf	206,c	;volatile
   497                           
   498                           ;encm369_pic18.c: 92:     TRISA = 0x00;
   499  01FF0A  0E00               	movlw	0
   500  01FF0C  6EC6               	movwf	198,c	;volatile
   501                           
   502                           ;encm369_pic18.c: 93:     ANSELA = 0x00;
   503  01FF0E  0E00               	movlw	0
   504  01FF10  0104               	movlb	4	; () banked
   505  01FF12  6F00               	movwf	0,b	;volatile
   506  01FF14                     
   507                           ; BSR set to: 4
   508  01FF14  0012               	return		;funcret
   509  01FF16                     __end_of_GpioSetup:
   510                           	callstack 0
   511                           
   512 ;; *************** function _ClockSetup *****************
   513 ;; Defined at:
   514 ;;		line 70 in file "encm369_pic18.c"
   515 ;; Parameters:    Size  Location     Type
   516 ;;		None
   517 ;; Auto vars:     Size  Location     Type
   518 ;;		None
   519 ;; Return value:  Size  Location     Type
   520 ;;                  1    wreg      void 
   521 ;; Registers used:
   522 ;;		None
   523 ;; Tracked objects:
   524 ;;		On entry : 0/0
   525 ;;		On exit  : 0/0
   526 ;;		Unchanged: 0/0
   527 ;; Data sizes:     COMRAM   BANK5   BANK6   BANK7   BANK8   BANK9  BANK10  BANK11  BANK12  BANK13  BANK14  BANK15  BANK1
      +6  BANK17  BANK18  BANK19  BANK20  BANK21  BANK22  BANK23  BANK24  BANK25  BANK26  BANK27  BANK28  BANK29  BANK30  BANK3
      +1  BANK32  BANK33  BANK34  BANK35  BANK36  BANK37
   528 ;;      Params:         0       0       0       0       0       0       0       0       0       0       0       0       
      +0       0       0       0       0       0       0       0       0       0       0       0       0       0       0       
      +0       0       0       0       0       0       0
   529 ;;      Locals:         0       0       0       0       0       0       0       0       0       0       0       0       
      +0       0       0       0       0       0       0       0       0       0       0       0       0       0       0       
      +0       0       0       0       0       0       0
   530 ;;      Temps:          0       0       0       0       0       0       0       0       0       0       0       0       
      +0       0       0       0       0       0       0       0       0       0       0       0       0       0       0       
      +0       0       0       0       0       0       0
   531 ;;      Totals:         0       0       0       0       0       0       0       0       0       0       0       0       
      +0       0       0       0       0       0       0       0       0       0       0       0       0       0       0       
      +0       0       0       0       0       0       0
   532 ;;Total ram usage:        0 bytes
   533 ;; Hardware stack levels used:    1
   534 ;; This function calls:
   535 ;;		Nothing
   536 ;; This function is called by:
   537 ;;		_main
   538 ;; This function uses a non-reentrant model
   539 ;;
   540                           
   541                           	psect	text6
   542  01FEFC                     __ptext6:
   543                           	callstack 0
   544  01FEFC                     _ClockSetup:
   545                           	callstack 127
   546  01FEFC  0012               	return		;funcret
   547  01FEFE                     __end_of_ClockSetup:
   548                           	callstack 0
   549  0000                     
   550                           	psect	rparam
   551  0000                     
   552                           	psect	idloc
   553                           
   554                           ;Config register IDLOC0 @ 0x200000
   555                           ;	unspecified, using default values
   556  200000                     	org	2097152
   557  200000  0FFF               	dw	4095
   558                           
   559                           ;Config register IDLOC1 @ 0x200002
   560                           ;	unspecified, using default values
   561  200002                     	org	2097154
   562  200002  0FFF               	dw	4095
   563                           
   564                           ;Config register IDLOC2 @ 0x200004
   565                           ;	unspecified, using default values
   566  200004                     	org	2097156
   567  200004  0FFF               	dw	4095
   568                           
   569                           ;Config register IDLOC3 @ 0x200006
   570                           ;	unspecified, using default values
   571  200006                     	org	2097158
   572  200006  0FFF               	dw	4095
   573                           
   574                           ;Config register IDLOC4 @ 0x200008
   575                           ;	unspecified, using default values
   576  200008                     	org	2097160
   577  200008  0FFF               	dw	4095
   578                           
   579                           ;Config register IDLOC5 @ 0x20000A
   580                           ;	unspecified, using default values
   581  20000A                     	org	2097162
   582  20000A  0FFF               	dw	4095
   583                           
   584                           ;Config register IDLOC6 @ 0x20000C
   585                           ;	unspecified, using default values
   586  20000C                     	org	2097164
   587  20000C  0FFF               	dw	4095
   588                           
   589                           ;Config register IDLOC7 @ 0x20000E
   590                           ;	unspecified, using default values
   591  20000E                     	org	2097166
   592  20000E  0FFF               	dw	4095
   593                           
   594                           ;Config register IDLOC8 @ 0x200010
   595                           ;	unspecified, using default values
   596  200010                     	org	2097168
   597  200010  0FFF               	dw	4095
   598                           
   599                           ;Config register IDLOC9 @ 0x200012
   600                           ;	unspecified, using default values
   601  200012                     	org	2097170
   602  200012  0FFF               	dw	4095
   603                           
   604                           ;Config register IDLOC10 @ 0x200014
   605                           ;	unspecified, using default values
   606  200014                     	org	2097172
   607  200014  0FFF               	dw	4095
   608                           
   609                           ;Config register IDLOC11 @ 0x200016
   610                           ;	unspecified, using default values
   611  200016                     	org	2097174
   612  200016  0FFF               	dw	4095
   613                           
   614                           ;Config register IDLOC12 @ 0x200018
   615                           ;	unspecified, using default values
   616  200018                     	org	2097176
   617  200018  0FFF               	dw	4095
   618                           
   619                           ;Config register IDLOC13 @ 0x20001A
   620                           ;	unspecified, using default values
   621  20001A                     	org	2097178
   622  20001A  0FFF               	dw	4095
   623                           
   624                           ;Config register IDLOC14 @ 0x20001C
   625                           ;	unspecified, using default values
   626  20001C                     	org	2097180
   627  20001C  0FFF               	dw	4095
   628                           
   629                           ;Config register IDLOC15 @ 0x20001E
   630                           ;	unspecified, using default values
   631  20001E                     	org	2097182
   632  20001E  0FFF               	dw	4095
   633                           
   634                           	psect	config
   635                           
   636                           ;Config register CONFIG1 @ 0x300000
   637                           ;	External Oscillator Selection
   638                           ;	FEXTOSC = OFF, Oscillator not enabled
   639                           ;	Reset Oscillator Selection
   640                           ;	RSTOSC = HFINTOSC_64MHZ, HFINTOSC with HFFRQ = 64 MHz and CDIV = 1:1
   641  300000                     	org	3145728
   642  300000  8C                 	db	140
   643                           
   644                           ;Config register CONFIG2 @ 0x300001
   645                           ;	Clock out Enable bit
   646                           ;	CLKOUTEN = ON, CLKOUT function is enabled
   647                           ;	PRLOCKED One-Way Set Enable bit
   648                           ;	PR1WAY = ON, PRLOCKED bit can be cleared and set only once
   649                           ;	Clock Switch Enable bit
   650                           ;	CSWEN = ON, Writing to NOSC and NDIV is allowed
   651                           ;	Fail-Safe Clock Monitor Enable bit
   652                           ;	FCMEN = ON, Fail-Safe Clock Monitor enabled
   653  300001                     	org	3145729
   654  300001  FE                 	db	254
   655                           
   656                           ;Config register CONFIG3 @ 0x300002
   657                           ;	MCLR Enable bit
   658                           ;	MCLRE = EXTMCLR, If LVP = 0, MCLR pin is MCLR; If LVP = 1, RE3 pin function is MCLR
   659                           ;	Power-up timer selection bits
   660                           ;	PWRTS = PWRT_OFF, PWRT is disabled
   661                           ;	Multi-vector enable bit
   662                           ;	MVECEN = ON, Multi-vector enabled, Vector table used for interrupts
   663                           ;	IVTLOCK bit One-way set enable bit
   664                           ;	IVT1WAY = ON, IVTLOCKED bit can be cleared and set only once
   665                           ;	Low Power BOR Enable bit
   666                           ;	LPBOREN = OFF, Low-Power BOR disabled
   667                           ;	Brown-out Reset Enable bits
   668                           ;	BOREN = SBORDIS, Brown-out Reset enabled , SBOREN bit is ignored
   669  300002                     	org	3145730
   670  300002  FF                 	db	255
   671                           
   672                           ;Config register CONFIG4 @ 0x300003
   673                           ;	Brown-out Reset Voltage Selection bits
   674                           ;	BORV = VBOR_2P85, Brown-out Reset Voltage (VBOR) set to 2.8V
   675                           ;	ZCD Disable bit
   676                           ;	ZCD = OFF, ZCD module is disabled. ZCD can be enabled by setting the ZCDSEN bit of ZCD
      +                          CON
   677                           ;	PPSLOCK bit One-Way Set Enable bit
   678                           ;	PPS1WAY = ON, PPSLOCKED bit can be cleared and set only once; PPS registers remain loc
      +                          ked after one clear/set cycle
   679                           ;	Stack Full/Underflow Reset Enable bit
   680                           ;	STVREN = ON, Stack full/underflow will cause Reset
   681                           ;	Low Voltage Programming Enable bit
   682                           ;	LVP = ON, Low voltage programming enabled. MCLR/VPP pin function is MCLR. MCLRE config
      +                          uration bit is ignored
   683                           ;	Extended Instruction Set Enable bit
   684                           ;	XINST = OFF, Extended Instruction Set and Indexed Addressing Mode disabled
   685  300003                     	org	3145731
   686  300003  FC                 	db	252
   687                           
   688                           ;Config register CONFIG5 @ 0x300004
   689                           ;	WDT Period selection bits
   690                           ;	WDTCPS = WDTCPS_31, Divider ratio 1:65536; software control of WDTPS
   691                           ;	WDT operating mode
   692                           ;	WDTE = OFF, WDT Disabled; SWDTEN is ignored
   693  300004                     	org	3145732
   694  300004  9F                 	db	159
   695                           
   696                           ;Config register CONFIG6 @ 0x300005
   697                           ;	WDT Window Select bits
   698                           ;	WDTCWS = WDTCWS_7, window always open (100%); software control; keyed access not requi
      +                          red
   699                           ;	WDT input clock selector
   700                           ;	WDTCCS = SC, Software Control
   701  300005                     	org	3145733
   702  300005  FF                 	db	255
   703                           
   704                           ;Config register CONFIG7 @ 0x300006
   705                           ;	Boot Block Size selection bits
   706                           ;	BBSIZE = BBSIZE_512, Boot Block size is 512 words
   707                           ;	Boot Block enable bit
   708                           ;	BBEN = OFF, Boot block disabled
   709                           ;	Storage Area Flash enable bit
   710                           ;	SAFEN = OFF, SAF disabled
   711                           ;	Background Debugger
   712                           ;	DEBUG = OFF, Background Debugger disabled
   713  300006                     	org	3145734
   714  300006  FF                 	db	255
   715                           
   716                           ;Config register CONFIG8 @ 0x300007
   717                           ;	Boot Block Write Protection bit
   718                           ;	WRTB = OFF, Boot Block not Write protected
   719                           ;	Configuration Register Write Protection bit
   720                           ;	WRTC = OFF, Configuration registers not Write protected
   721                           ;	Data EEPROM Write Protection bit
   722                           ;	WRTD = OFF, Data EEPROM not Write protected
   723                           ;	SAF Write protection bit
   724                           ;	WRTSAF = OFF, SAF not Write Protected
   725                           ;	Application Block write protection bit
   726                           ;	WRTAPP = OFF, Application Block not write protected
   727  300007                     	org	3145735
   728  300007  FF                 	db	255
   729                           
   730                           ; Padding undefined space
   731  300008                     	org	3145736
   732  300008  FF                 	db	255
   733                           
   734                           ;Config register CONFIG10 @ 0x300009
   735                           ;	PFM and Data EEPROM Code Protection bit
   736                           ;	CP = OFF, PFM and Data EEPROM code protection disabled
   737  300009                     	org	3145737
   738  300009  FF                 	db	255
   739                           tosu	equ	0x4FF
   740                           tosh	equ	0x4FE
   741                           tosl	equ	0x4FD
   742                           stkptr	equ	0x4FC
   743                           pclatu	equ	0x4FB
   744                           pclath	equ	0x4FA
   745                           pcl	equ	0x4F9
   746                           tblptru	equ	0x4F8
   747                           tblptrh	equ	0x4F7
   748                           tblptrl	equ	0x4F6
   749                           tablat	equ	0x4F5
   750                           prodh	equ	0x4F4
   751                           prodl	equ	0x4F3
   752                           indf0	equ	0x4EF
   753                           postinc0	equ	0x4EE
   754                           postdec0	equ	0x4ED
   755                           preinc0	equ	0x4EC
   756                           plusw0	equ	0x4EB
   757                           fsr0h	equ	0x4EA
   758                           fsr0l	equ	0x4E9
   759                           wreg	equ	0x4E8
   760                           indf1	equ	0x4E7
   761                           postinc1	equ	0x4E6
   762                           postdec1	equ	0x4E5
   763                           preinc1	equ	0x4E4
   764                           plusw1	equ	0x4E3
   765                           fsr1h	equ	0x4E2
   766                           fsr1l	equ	0x4E1
   767                           bsr	equ	0x4E0
   768                           indf2	equ	0x4DF
   769                           postinc2	equ	0x4DE
   770                           postdec2	equ	0x4DD
   771                           preinc2	equ	0x4DC
   772                           plusw2	equ	0x4DB
   773                           fsr2h	equ	0x4DA
   774                           fsr2l	equ	0x4D9
   775                           status	equ	0x4D8

Data Sizes:
    Strings     0
    Constant    0
    Data        4
    BSS         13
    Persistent  0
    Stack       0

Auto Spaces:
    Space          Size  Autos    Used
    COMRAM           95      6      23
    BANK5           160      0       0
    BANK6           256      0       0
    BANK7           256      0       0
    BANK8           256      0       0
    BANK9           256      0       0
    BANK10          256      0       0
    BANK11          256      0       0
    BANK12          256      0       0
    BANK13          256      0       0
    BANK14          256      0       0
    BANK15          256      0       0
    BANK16          256      0       0
    BANK17          256      0       0
    BANK18          256      0       0
    BANK19          256      0       0
    BANK20          256      0       0
    BANK21          256      0       0
    BANK22          256      0       0
    BANK23          256      0       0
    BANK24          256      0       0
    BANK25          256      0       0
    BANK26          256      0       0
    BANK27          256      0       0
    BANK28          256      0       0
    BANK29          256      0       0
    BANK30          256      0       0
    BANK31          256      0       0
    BANK32          256      0       0
    BANK33          256      0       0
    BANK34          256      0       0
    BANK35          256      0       0
    BANK36          256      0       0
    BANK37          256      0       0

Pointer List with Targets:

    None.

Critical Paths under _main in COMRAM

    _main->_UserAppRun

Critical Paths under _main in BANK5

    None.

Critical Paths under _main in BANK6

    None.

Critical Paths under _main in BANK7

    None.

Critical Paths under _main in BANK8

    None.

Critical Paths under _main in BANK9

    None.

Critical Paths under _main in BANK10

    None.

Critical Paths under _main in BANK11

    None.

Critical Paths under _main in BANK12

    None.

Critical Paths under _main in BANK13

    None.

Critical Paths under _main in BANK14

    None.

Critical Paths under _main in BANK15

    None.

Critical Paths under _main in BANK16

    None.

Critical Paths under _main in BANK17

    None.

Critical Paths under _main in BANK18

    None.

Critical Paths under _main in BANK19

    None.

Critical Paths under _main in BANK20

    None.

Critical Paths under _main in BANK21

    None.

Critical Paths under _main in BANK22

    None.

Critical Paths under _main in BANK23

    None.

Critical Paths under _main in BANK24

    None.

Critical Paths under _main in BANK25

    None.

Critical Paths under _main in BANK26

    None.

Critical Paths under _main in BANK27

    None.

Critical Paths under _main in BANK28

    None.

Critical Paths under _main in BANK29

    None.

Critical Paths under _main in BANK30

    None.

Critical Paths under _main in BANK31

    None.

Critical Paths under _main in BANK32

    None.

Critical Paths under _main in BANK33

    None.

Critical Paths under _main in BANK34

    None.

Critical Paths under _main in BANK35

    None.

Critical Paths under _main in BANK36

    None.

Critical Paths under _main in BANK37

    None.

Call Graph Tables:

 ---------------------------------------------------------------------------------
 (Depth) Function   	        Calls       Base Space   Used Autos Params    Refs
 ---------------------------------------------------------------------------------
 (0) _main                                                 0     0      0      45
                         _ClockSetup
                          _GpioSetup
                       _SysTickSetup
                        _SystemSleep
                  _UserAppInitialize
                         _UserAppRun
 ---------------------------------------------------------------------------------
 (1) _UserAppRun                                           6     6      0      45
                                              0 COMRAM     6     6      0
 ---------------------------------------------------------------------------------
 (1) _UserAppInitialize                                    0     0      0       0
 ---------------------------------------------------------------------------------
 (1) _SystemSleep                                          0     0      0       0
 ---------------------------------------------------------------------------------
 (1) _SysTickSetup                                         0     0      0       0
 ---------------------------------------------------------------------------------
 (1) _GpioSetup                                            0     0      0       0
 ---------------------------------------------------------------------------------
 (1) _ClockSetup                                           0     0      0       0
 ---------------------------------------------------------------------------------
 Estimated maximum stack depth 1
 ---------------------------------------------------------------------------------

 Call Graph Graphs:

 _main (ROOT)
   _ClockSetup
   _GpioSetup
   _SysTickSetup
   _SystemSleep
   _UserAppInitialize
   _UserAppRun

 Address spaces:
Name               Size   Autos  Total    Cost      Usage
BIGRAM            20FF      0       0      71        0.0%
EEDATA             400      0       0       0        0.0%
BITBANK37          100      0       0      70        0.0%
BANK37             100      0       0      68        0.0%
BITBANK36          100      0       0      66        0.0%
BANK36             100      0       0      67        0.0%
BITBANK35          100      0       0      64        0.0%
BANK35             100      0       0      65        0.0%
BITBANK34          100      0       0      62        0.0%
BANK34             100      0       0      63        0.0%
BITBANK33          100      0       0      60        0.0%
BANK33             100      0       0      61        0.0%
BITBANK32          100      0       0      58        0.0%
BANK32             100      0       0      59        0.0%
BITBANK31          100      0       0      56        0.0%
BANK31             100      0       0      57        0.0%
BITBANK30          100      0       0      54        0.0%
BANK30             100      0       0      55        0.0%
BITBANK29          100      0       0      52        0.0%
BANK29             100      0       0      53        0.0%
BITBANK28          100      0       0      50        0.0%
BANK28             100      0       0      51        0.0%
BITBANK27          100      0       0      48        0.0%
BANK27             100      0       0      49        0.0%
BITBANK26          100      0       0      46        0.0%
BANK26             100      0       0      47        0.0%
BITBANK25          100      0       0      44        0.0%
BANK25             100      0       0      45        0.0%
BITBANK24          100      0       0      42        0.0%
BANK24             100      0       0      43        0.0%
BITBANK23          100      0       0      40        0.0%
BANK23             100      0       0      41        0.0%
BITBANK22          100      0       0      38        0.0%
BANK22             100      0       0      39        0.0%
BITBANK21          100      0       0      36        0.0%
BANK21             100      0       0      37        0.0%
BITBANK20          100      0       0      34        0.0%
BANK20             100      0       0      35        0.0%
BITBANK19          100      0       0      32        0.0%
BANK19             100      0       0      33        0.0%
BITBANK18          100      0       0      30        0.0%
BANK18             100      0       0      31        0.0%
BITBANK17          100      0       0      28        0.0%
BANK17             100      0       0      29        0.0%
BITBANK16          100      0       0      26        0.0%
BANK16             100      0       0      27        0.0%
BITBANK15          100      0       0      24        0.0%
BANK15             100      0       0      25        0.0%
BITBANK14          100      0       0      22        0.0%
BANK14             100      0       0      23        0.0%
BITBANK13          100      0       0      20        0.0%
BANK13             100      0       0      21        0.0%
BITBANK12          100      0       0      18        0.0%
BANK12             100      0       0      19        0.0%
BITBANK11          100      0       0      16        0.0%
BANK11             100      0       0      17        0.0%
BITBANK10          100      0       0      14        0.0%
BANK10             100      0       0      15        0.0%
BITBANK9           100      0       0      12        0.0%
BANK9              100      0       0      13        0.0%
BITBANK8           100      0       0      10        0.0%
BANK8              100      0       0      11        0.0%
BITBANK7           100      0       0       8        0.0%
BANK7              100      0       0       9        0.0%
BITBANK6           100      0       0       6        0.0%
BANK6              100      0       0       7        0.0%
BITBANK5            A0      0       0       4        0.0%
BANK5               A0      0       0       5        0.0%
BITCOMRAM           5F      0       0       0        0.0%
COMRAM              5F      6      17       1       24.2%
BITSFR_5             0      0       0     200        0.0%
SFR_5                0      0       0     200        0.0%
BITSFR_4             0      0       0     200        0.0%
SFR_4                0      0       0     200        0.0%
BITSFR_3             0      0       0     200        0.0%
SFR_3                0      0       0     200        0.0%
BITSFR_2             0      0       0     200        0.0%
SFR_2                0      0       0     200        0.0%
BITSFR_1             0      0       0     200        0.0%
SFR_1                0      0       0     200        0.0%
BITSFR               0      0       0     200        0.0%
SFR                  0      0       0     200        0.0%
STACK                0      0       0       2        0.0%
NULL                 0      0       0       0        0.0%
ABS                  0      0      17      69        0.0%
DATA                 0      0      17       3        0.0%
CODE                 0      0       0       0        0.0%


Microchip Technology PIC18 Macro Assembler V2.31 build 20201012212115 
Symbol Table                                                                                   Mon Feb 08 19:51:21 2021

     __size_of_SysTickSetup 0022                          l13 FEFC                          l22 FEFE  
                        l16 FF14                          l19 FF36                          l55 FF00  
                        l65 FFFA                          u10 FFDE                          u11 FFDA  
                        u20 FFFA                          u21 FFF6                         l741 FF06  
                       l751 FFAA                         l753 FFAE                         l761 FFDE  
                       l745 FF8C                         l747 FF98                         l749 FFA4  
                       l781 FF3A                         l759 FFBE                         l791 FF4E  
                       l783 FF3E                         l777 FF16                         l785 FF42  
                       l787 FF46                         l779 FF38                         l789 FF4A  
                       wreg 0004E8                        _LATA 0004BE                        _main FF38  
              _SysTickSetup FF16                        fsr1l 0004E1                        start FFFC  
      __size_of_SystemSleep 0002                ___param_bank 000000                  _ClockSetup FEFC  
                     ?_main 050E                       _PORTA 0004CE                       _TRISA 0004C6  
                     tablat 0004F5                       status 0004D8     UserAppRun@u32Counter_63 0510  
           __initialization FF5A                __end_of_main FF5A                      ??_main 0514  
             __activetblptr 000000                      _ANSELA 000400          __size_of_GpioSetup 0010  
               ?_ClockSetup 050E                      clear_0 FF80                __pdataCOMRAM 0514  
                    tblptrh 0004F7                      tblptrl 0004F6                      tblptru 0004F8  
                _UserAppRun FF8C                  __accesstop 0560     __end_of__initialization FF86  
             ___rparam_used 000001            _G_u8UserAppFlags 050D              __pcstackCOMRAM 050E  
         __end_of_GpioSetup FF16         __size_of_ClockSetup 0002                 ?_UserAppRun 050E  
             ??_SystemSleep 050E                     __Hparam 0000                     __Lparam 0000  
                   __pcinit FF5A                     __ramtop 2600                     __ptext0 FF38  
                   __ptext1 FF8C                     __ptext2 FF00                     __ptext3 FEFE  
                   __ptext4 FF16                     __ptext5 FF06                     __ptext6 FEFC  
      end_of_initialization FF86            _G_u32SystemFlags 0501                     postdec1 0004E5  
                   postinc0 0004EE         __end_of_SystemSleep FF00                ??_ClockSetup 050E  
       __size_of_UserAppRun 0070        UserAppRun@u32Counter 0514          __end_of_ClockSetup FEFE  
             __pidataCOMRAM FF02                   _GpioSetup FF06         start_initialization FF5A  
             ?_SysTickSetup 050E                 _SystemSleep FEFE                  ?_GpioSetup 050E  
               __pbssCOMRAM 0501           _UserAppInitialize FF00                ??_UserAppRun 050E  
        ?_UserAppInitialize 050E              ??_SysTickSetup 050E         ??_UserAppInitialize 050E  
        __end_of_UserAppRun FFFC   __end_of_UserAppInitialize FF02           UserAppRun@counter 050E  
               ??_GpioSetup 050E                   copy_data0 FF6E                    __Hrparam 0000  
                  __Lrparam 0000        __end_of_SysTickSetup FF38  __size_of_UserAppInitialize 0002  
             __size_of_main 0022                ?_SystemSleep 050E          _G_u32SystemTime1ms 0509  
         _G_u32SystemTime1s 0505  
