

Microchip MPLAB XC8 Assembler V2.31 build 20201012212115 
                                                                                               Mon Feb 15 19:11:42 2021

Microchip MPLAB XC8 C Compiler v2.31 (Free license) build 20201012212115 Og1 
     1                           	processor	18F27Q43
     2                           	fnconf	rparam,??,?,0
     3                           	pagewidth 120
     4                           	opt	flic
     5                           	psect	idataCOMRAM,global,class=CODE,delta=1,noexec
     6                           	psect	cinit,global,reloc=2,class=CODE,delta=1
     7                           	psect	bssCOMRAM,global,class=COMRAM,space=1,delta=1,lowdata,noexec
     8                           	psect	dataCOMRAM,global,class=COMRAM,space=1,delta=1,lowdata,noexec
     9                           	psect	cstackCOMRAM,global,class=COMRAM,space=1,delta=1,lowdata,noexec
    10                           	psect	text0,global,reloc=2,class=CODE,delta=1
    11                           	psect	text1,global,reloc=2,class=CODE,delta=1
    12                           	psect	text2,global,reloc=2,class=CODE,delta=1
    13                           	psect	text3,global,reloc=2,class=CODE,delta=1
    14                           	psect	text4,global,reloc=2,class=CODE,delta=1
    15                           	psect	text5,global,reloc=2,class=CODE,delta=1
    16                           	psect	text6,global,reloc=2,class=CODE,delta=1
    17                           	psect	intsave_regs,global,class=BIGRAM,space=1,delta=1,noexec
    18                           	psect	rparam,global,class=COMRAM,space=1,delta=1,noexec
    19                           	psect	idloc,global,abs,ovrld,class=IDLOC,space=5,delta=1,noexec
    20                           	psect	config,global,abs,ovrld,class=CONFIG,space=4,delta=1,noexec
    21  0000                     
    22                           ; Version 2.30
    23                           ; Generated 20/08/2020 GMT
    24                           ; 
    25                           ; Copyright © 2020, Microchip Technology Inc. and its subsidiaries ("Microchip")
    26                           ; All rights reserved.
    27                           ; 
    28                           ; This software is developed by Microchip Technology Inc. and its subsidiaries ("Microch
      +                          ip").
    29                           ; 
    30                           ; Redistribution and use in source and binary forms, with or without modification, are
    31                           ; permitted provided that the following conditions are met:
    32                           ; 
    33                           ;     1. Redistributions of source code must retain the above copyright notice, this lis
      +                          t of
    34                           ;        conditions and the following disclaimer.
    35                           ; 
    36                           ;     2. Redistributions in binary form must reproduce the above copyright notice, this 
      +                          list
    37                           ;        of conditions and the following disclaimer in the documentation and/or other
    38                           ;        materials provided with the distribution. Publication is not required when
    39                           ;        this file is used in an embedded application.
    40                           ; 
    41                           ;     3. Microchip's name may not be used to endorse or promote products derived from th
      +                          is
    42                           ;        software without specific prior written permission.
    43                           ; 
    44                           ; THIS SOFTWARE IS PROVIDED BY MICROCHIP "AS IS" AND ANY EXPRESS OR IMPLIED WARRANTIES,
    45                           ; INCLUDING, BUT NOT LIMITED TO, THE IMPLIED WARRANTIES OF MERCHANTABILITY AND FITNESS F
      +                          OR
    46                           ; PURPOSE ARE DISCLAIMED.  IN NO EVENT SHALL MICROCHIP BE LIABLE FOR ANY DIRECT, INDIREC
      +                          T,
    47                           ; INCIDENTAL, SPECIAL, EXEMPLARY, OR CONSEQUENTIAL DAMAGES (INCLUDING BUT NOT LIMITED TO
    48                           ; PROCUREMENT OF SUBSTITUTE GOODS OR SERVICES; LOSS OF USE, DATA OR PROFITS; OR BUSINESS
    49                           ; INTERRUPTION) HOWSOEVER CAUSED AND ON ANY THEORY OF LIABILITY, WHETHER IN CONTRACT, ST
      +                          RICT
    50                           ; LIABILITY, OR TORT (INCLUDING NEGLIGENCE OR OTHERWISE) ARISING IN ANY WAY OUT OF THE U
      +                          SE OF
    51                           ; THIS SOFTWARE, EVEN IF ADVISED OF THE POSSIBILITY OF SUCH DAMAGE.
    52                           ; 
    53                           ; 
    54                           ; Code-generator required, PIC18F27Q43 Definitions
    55                           ; 
    56                           ; SFR Addresses
    57  0000                     
    58                           	psect	idataCOMRAM
    59  01FF1A                     __pidataCOMRAM:
    60                           	callstack 0
    61                           
    62                           ;initializer for UserAppRun@u32Counter
    63  01FF1A  0080               	dw	128
    64  01FF1C  0000               	dw	0
    65  0000                     _ANSELB	set	1032
    66  0000                     _ANSELA	set	1024
    67  0000                     _PORTB	set	1231
    68  0000                     _TRISA	set	1222
    69  0000                     _TRISB	set	1223
    70  0000                     _LATA	set	1214
    71                           
    72                           ; #config settings
    73                           
    74                           	psect	cinit
    75  01FF7A                     __pcinit:
    76                           	callstack 0
    77  01FF7A                     start_initialization:
    78                           	callstack 0
    79  01FF7A                     __initialization:
    80                           	callstack 0
    81                           
    82                           ; Initialize objects allocated to COMRAM (4 bytes)
    83                           ; load TBLPTR registers with __pidataCOMRAM
    84  01FF7A  0E1A               	movlw	low __pidataCOMRAM
    85  01FF7C  6EF6               	movwf	tblptrl,c
    86  01FF7E  0EFF               	movlw	high __pidataCOMRAM
    87  01FF80  6EF7               	movwf	tblptrh,c
    88  01FF82  0E01               	movlw	low (__pidataCOMRAM shr (0+16))
    89  01FF84  6EF8               	movwf	tblptru,c
    90  01FF86  EE01  F10E         	lfsr	0,__pdataCOMRAM
    91  01FF8A  EE10 F004          	lfsr	1,4
    92  01FF8E                     copy_data0:
    93  01FF8E  0009               	tblrd		*+
    94  01FF90  C4F5 F4EE          	movff	tablat,postinc0
    95  01FF94  50E5               	movf	postdec1,w,c
    96  01FF96  50E1               	movf	fsr1l,w,c
    97  01FF98  E1FA               	bnz	copy_data0
    98                           
    99                           ; Clear objects allocated to COMRAM (13 bytes)
   100  01FF9A  EE01  F101         	lfsr	0,__pbssCOMRAM
   101  01FF9E  0E0D               	movlw	13
   102  01FFA0                     clear_0:
   103  01FFA0  6AEE               	clrf	postinc0,c
   104  01FFA2  06E8               	decf	wreg,f,c
   105  01FFA4  E1FD               	bnz	clear_0
   106  01FFA6                     end_of_initialization:
   107                           	callstack 0
   108  01FFA6                     __end_of__initialization:
   109                           	callstack 0
   110  01FFA6  0100               	movlb	0
   111  01FFA8  EFAC  F0FF         	goto	_main	;jump to C main() function
   112                           
   113                           	psect	bssCOMRAM
   114  000501                     __pbssCOMRAM:
   115                           	callstack 0
   116  000501                     _G_u32SystemFlags:
   117                           	callstack 0
   118  000501                     	ds	4
   119  000505                     _G_u32SystemTime1s:
   120                           	callstack 0
   121  000505                     	ds	4
   122  000509                     _G_u32SystemTime1ms:
   123                           	callstack 0
   124  000509                     	ds	4
   125  00050D                     _G_u8UserAppFlags:
   126                           	callstack 0
   127  00050D                     	ds	1
   128                           
   129                           	psect	dataCOMRAM
   130  00050E                     __pdataCOMRAM:
   131                           	callstack 0
   132  00050E                     UserAppRun@u32Counter:
   133                           	callstack 0
   134  00050E                     	ds	4
   135                           
   136                           	psect	cstackCOMRAM
   137  000000                     __pcstackCOMRAM:
   138                           	callstack 0
   139  000000                     
   140                           ; 1 bytes @ 0x0
   141 ;;
   142 ;;Main: autosize = 0, tempsize = 0, incstack = 0, save=0
   143 ;;
   144 ;; *************** function _main *****************
   145 ;; Defined at:
   146 ;;		line 35 in file "../main.c"
   147 ;; Parameters:    Size  Location     Type
   148 ;;		None
   149 ;; Auto vars:     Size  Location     Type
   150 ;;		None
   151 ;; Return value:  Size  Location     Type
   152 ;;                  1    wreg      void 
   153 ;; Registers used:
   154 ;;		wreg, status,2, status,0, cstack
   155 ;; Tracked objects:
   156 ;;		On entry : 0/0
   157 ;;		On exit  : 0/0
   158 ;;		Unchanged: 0/0
   159 ;; Data sizes:     COMRAM   BANK5   BANK6   BANK7   BANK8   BANK9  BANK10  BANK11  BANK12  BANK13  BANK14  BANK15  BANK1
      +6  BANK17  BANK18  BANK19  BANK20  BANK21  BANK22  BANK23  BANK24  BANK25  BANK26  BANK27  BANK28  BANK29  BANK30  BANK3
      +1  BANK32  BANK33  BANK34  BANK35  BANK36  BANK37
   160 ;;      Params:         0       0       0       0       0       0       0       0       0       0       0       0       
      +0       0       0       0       0       0       0       0       0       0       0       0       0       0       0       
      +0       0       0       0       0       0       0
   161 ;;      Locals:         0       0       0       0       0       0       0       0       0       0       0       0       
      +0       0       0       0       0       0       0       0       0       0       0       0       0       0       0       
      +0       0       0       0       0       0       0
   162 ;;      Temps:          0       0       0       0       0       0       0       0       0       0       0       0       
      +0       0       0       0       0       0       0       0       0       0       0       0       0       0       0       
      +0       0       0       0       0       0       0
   163 ;;      Totals:         0       0       0       0       0       0       0       0       0       0       0       0       
      +0       0       0       0       0       0       0       0       0       0       0       0       0       0       0       
      +0       0       0       0       0       0       0
   164 ;;Total ram usage:        0 bytes
   165 ;; Hardware stack levels required when called:    1
   166 ;; This function calls:
   167 ;;		_ClockSetup
   168 ;;		_GpioSetup
   169 ;;		_SysTickSetup
   170 ;;		_SystemSleep
   171 ;;		_UserAppInitialize
   172 ;;		_UserAppRun
   173 ;; This function is called by:
   174 ;;		Startup code after reset
   175 ;; This function uses a non-reentrant model
   176 ;;
   177                           
   178                           	psect	text0
   179  01FF58                     __ptext0:
   180                           	callstack 0
   181  01FF58                     _main:
   182                           	callstack 127
   183  01FF58                     
   184                           ;../main.c: 37:   G_u32SystemFlags |= (u32)0x80000000;
   185  01FF58  8E04               	bsf	(_G_u32SystemFlags+3)^(0+1280),7,c	;volatile
   186  01FF5A                     
   187                           ;../main.c: 40:   ClockSetup();
   188  01FF5A  EC8A  F0FF         	call	_ClockSetup	;wreg free
   189  01FF5E                     
   190                           ;../main.c: 41:   SysTickSetup();
   191  01FF5E  EC9B  F0FF         	call	_SysTickSetup	;wreg free
   192  01FF62                     
   193                           ;../main.c: 42:   GpioSetup();
   194  01FF62  EC8F  F0FF         	call	_GpioSetup	;wreg free
   195  01FF66                     
   196                           ;../main.c: 47:   UserAppInitialize();
   197  01FF66  EC8C  F0FF         	call	_UserAppInitialize	;wreg free
   198  01FF6A                     l785:
   199                           
   200                           ;../main.c: 53:   {;../main.c: 57:     UserAppRun();
   201  01FF6A  ECD6  F0FF         	call	_UserAppRun	;wreg free
   202  01FF6E                     
   203                           ;../main.c: 62:     SystemSleep();
   204  01FF6E  EC8B  F0FF         	call	_SystemSleep	;wreg free
   205  01FF72  EFB5  F0FF         	goto	l785
   206  01FF76  EFFE  F0FF         	goto	start
   207  01FF7A                     __end_of_main:
   208                           	callstack 0
   209                           
   210 ;; *************** function _UserAppRun *****************
   211 ;; Defined at:
   212 ;;		line 95 in file "../user_app.c"
   213 ;; Parameters:    Size  Location     Type
   214 ;;		None
   215 ;; Auto vars:     Size  Location     Type
   216 ;;		None
   217 ;; Return value:  Size  Location     Type
   218 ;;                  1    wreg      void 
   219 ;; Registers used:
   220 ;;		wreg, status,2, status,0
   221 ;; Tracked objects:
   222 ;;		On entry : 0/0
   223 ;;		On exit  : 0/0
   224 ;;		Unchanged: 0/0
   225 ;; Data sizes:     COMRAM   BANK5   BANK6   BANK7   BANK8   BANK9  BANK10  BANK11  BANK12  BANK13  BANK14  BANK15  BANK1
      +6  BANK17  BANK18  BANK19  BANK20  BANK21  BANK22  BANK23  BANK24  BANK25  BANK26  BANK27  BANK28  BANK29  BANK30  BANK3
      +1  BANK32  BANK33  BANK34  BANK35  BANK36  BANK37
   226 ;;      Params:         0       0       0       0       0       0       0       0       0       0       0       0       
      +0       0       0       0       0       0       0       0       0       0       0       0       0       0       0       
      +0       0       0       0       0       0       0
   227 ;;      Locals:         0       0       0       0       0       0       0       0       0       0       0       0       
      +0       0       0       0       0       0       0       0       0       0       0       0       0       0       0       
      +0       0       0       0       0       0       0
   228 ;;      Temps:          0       0       0       0       0       0       0       0       0       0       0       0       
      +0       0       0       0       0       0       0       0       0       0       0       0       0       0       0       
      +0       0       0       0       0       0       0
   229 ;;      Totals:         0       0       0       0       0       0       0       0       0       0       0       0       
      +0       0       0       0       0       0       0       0       0       0       0       0       0       0       0       
      +0       0       0       0       0       0       0
   230 ;;Total ram usage:        0 bytes
   231 ;; Hardware stack levels used:    1
   232 ;; This function calls:
   233 ;;		Nothing
   234 ;; This function is called by:
   235 ;;		_main
   236 ;; This function uses a non-reentrant model
   237 ;;
   238                           
   239                           	psect	text1
   240  01FFAC                     __ptext1:
   241                           	callstack 0
   242  01FFAC                     _UserAppRun:
   243                           	callstack 127
   244  01FFAC                     
   245                           ;../user_app.c: 97:  static u32 u32Counter = 0x80;;../user_app.c: 99:  if ((PORTB & 0x20
      +                          ) == 0x20)
   246  01FFAC  AACF               	btfss	207,5,c	;volatile
   247  01FFAE  EFDB  F0FF         	goto	u11
   248  01FFB2  EFDD  F0FF         	goto	u10
   249  01FFB6                     u11:
   250  01FFB6  EFFD  F0FF         	goto	l69
   251  01FFBA                     u10:
   252  01FFBA                     
   253                           ;../user_app.c: 100:  {;../user_app.c: 101:   LATA = u32Counter;
   254  01FFBA  0061  F438  F4BE   	movff	UserAppRun@u32Counter,1214	;volatile
   255  01FFC0                     
   256                           ;../user_app.c: 102:   if (u32Counter < 0xBF)
   257  01FFC0  5011               	movf	(UserAppRun@u32Counter+3)^(0+1280),w,c
   258  01FFC2  1010               	iorwf	(UserAppRun@u32Counter+2)^(0+1280),w,c
   259  01FFC4  100F               	iorwf	(UserAppRun@u32Counter+1)^(0+1280),w,c
   260  01FFC6  E107               	bnz	u21
   261  01FFC8  0EBF               	movlw	191
   262  01FFCA  5C0E               	subwf	UserAppRun@u32Counter^(0+1280),w,c
   263  01FFCC  B0D8               	btfsc	status,0,c
   264  01FFCE  EFEB  F0FF         	goto	u21
   265  01FFD2  EFED  F0FF         	goto	u20
   266  01FFD6                     u21:
   267  01FFD6  EFF5  F0FF         	goto	l757
   268  01FFDA                     u20:
   269  01FFDA                     
   270                           ;../user_app.c: 103:   {;../user_app.c: 105:    u32Counter++;
   271  01FFDA  0E01               	movlw	1
   272  01FFDC  260E               	addwf	UserAppRun@u32Counter^(0+1280),f,c
   273  01FFDE  0E00               	movlw	0
   274  01FFE0  220F               	addwfc	(UserAppRun@u32Counter+1)^(0+1280),f,c
   275  01FFE2  2210               	addwfc	(UserAppRun@u32Counter+2)^(0+1280),f,c
   276  01FFE4  2211               	addwfc	(UserAppRun@u32Counter+3)^(0+1280),f,c
   277                           
   278                           ;../user_app.c: 107:   }
   279  01FFE6  EFFD  F0FF         	goto	l69
   280  01FFEA                     l757:
   281                           
   282                           ;../user_app.c: 109:   {;../user_app.c: 111:     u32Counter = 0x80;
   283  01FFEA  0E80               	movlw	128
   284  01FFEC  6E0E               	movwf	UserAppRun@u32Counter^(0+1280),c
   285  01FFEE  0E00               	movlw	0
   286  01FFF0  6E0F               	movwf	(UserAppRun@u32Counter+1)^(0+1280),c
   287  01FFF2  0E00               	movlw	0
   288  01FFF4  6E10               	movwf	(UserAppRun@u32Counter+2)^(0+1280),c
   289  01FFF6  0E00               	movlw	0
   290  01FFF8  6E11               	movwf	(UserAppRun@u32Counter+3)^(0+1280),c
   291  01FFFA                     l69:
   292  01FFFA  0012               	return		;funcret
   293  01FFFC                     __end_of_UserAppRun:
   294                           	callstack 0
   295                           
   296 ;; *************** function _UserAppInitialize *****************
   297 ;; Defined at:
   298 ;;		line 76 in file "../user_app.c"
   299 ;; Parameters:    Size  Location     Type
   300 ;;		None
   301 ;; Auto vars:     Size  Location     Type
   302 ;;		None
   303 ;; Return value:  Size  Location     Type
   304 ;;                  1    wreg      void 
   305 ;; Registers used:
   306 ;;		None
   307 ;; Tracked objects:
   308 ;;		On entry : 0/0
   309 ;;		On exit  : 0/0
   310 ;;		Unchanged: 0/0
   311 ;; Data sizes:     COMRAM   BANK5   BANK6   BANK7   BANK8   BANK9  BANK10  BANK11  BANK12  BANK13  BANK14  BANK15  BANK1
      +6  BANK17  BANK18  BANK19  BANK20  BANK21  BANK22  BANK23  BANK24  BANK25  BANK26  BANK27  BANK28  BANK29  BANK30  BANK3
      +1  BANK32  BANK33  BANK34  BANK35  BANK36  BANK37
   312 ;;      Params:         0       0       0       0       0       0       0       0       0       0       0       0       
      +0       0       0       0       0       0       0       0       0       0       0       0       0       0       0       
      +0       0       0       0       0       0       0
   313 ;;      Locals:         0       0       0       0       0       0       0       0       0       0       0       0       
      +0       0       0       0       0       0       0       0       0       0       0       0       0       0       0       
      +0       0       0       0       0       0       0
   314 ;;      Temps:          0       0       0       0       0       0       0       0       0       0       0       0       
      +0       0       0       0       0       0       0       0       0       0       0       0       0       0       0       
      +0       0       0       0       0       0       0
   315 ;;      Totals:         0       0       0       0       0       0       0       0       0       0       0       0       
      +0       0       0       0       0       0       0       0       0       0       0       0       0       0       0       
      +0       0       0       0       0       0       0
   316 ;;Total ram usage:        0 bytes
   317 ;; Hardware stack levels used:    1
   318 ;; This function calls:
   319 ;;		Nothing
   320 ;; This function is called by:
   321 ;;		_main
   322 ;; This function uses a non-reentrant model
   323 ;;
   324                           
   325                           	psect	text2
   326  01FF18                     __ptext2:
   327                           	callstack 0
   328  01FF18                     _UserAppInitialize:
   329                           	callstack 127
   330  01FF18  0012               	return		;funcret
   331  01FF1A                     __end_of_UserAppInitialize:
   332                           	callstack 0
   333                           
   334 ;; *************** function _SystemSleep *****************
   335 ;; Defined at:
   336 ;;		line 133 in file "../encm369_pic18.c"
   337 ;; Parameters:    Size  Location     Type
   338 ;;		None
   339 ;; Auto vars:     Size  Location     Type
   340 ;;		None
   341 ;; Return value:  Size  Location     Type
   342 ;;                  1    wreg      void 
   343 ;; Registers used:
   344 ;;		None
   345 ;; Tracked objects:
   346 ;;		On entry : 0/0
   347 ;;		On exit  : 0/0
   348 ;;		Unchanged: 0/0
   349 ;; Data sizes:     COMRAM   BANK5   BANK6   BANK7   BANK8   BANK9  BANK10  BANK11  BANK12  BANK13  BANK14  BANK15  BANK1
      +6  BANK17  BANK18  BANK19  BANK20  BANK21  BANK22  BANK23  BANK24  BANK25  BANK26  BANK27  BANK28  BANK29  BANK30  BANK3
      +1  BANK32  BANK33  BANK34  BANK35  BANK36  BANK37
   350 ;;      Params:         0       0       0       0       0       0       0       0       0       0       0       0       
      +0       0       0       0       0       0       0       0       0       0       0       0       0       0       0       
      +0       0       0       0       0       0       0
   351 ;;      Locals:         0       0       0       0       0       0       0       0       0       0       0       0       
      +0       0       0       0       0       0       0       0       0       0       0       0       0       0       0       
      +0       0       0       0       0       0       0
   352 ;;      Temps:          0       0       0       0       0       0       0       0       0       0       0       0       
      +0       0       0       0       0       0       0       0       0       0       0       0       0       0       0       
      +0       0       0       0       0       0       0
   353 ;;      Totals:         0       0       0       0       0       0       0       0       0       0       0       0       
      +0       0       0       0       0       0       0       0       0       0       0       0       0       0       0       
      +0       0       0       0       0       0       0
   354 ;;Total ram usage:        0 bytes
   355 ;; Hardware stack levels used:    1
   356 ;; This function calls:
   357 ;;		Nothing
   358 ;; This function is called by:
   359 ;;		_main
   360 ;; This function uses a non-reentrant model
   361 ;;
   362                           
   363                           	psect	text3
   364  01FF16                     __ptext3:
   365                           	callstack 0
   366  01FF16                     _SystemSleep:
   367                           	callstack 127
   368  01FF16  0012               	return		;funcret
   369  01FF18                     __end_of_SystemSleep:
   370                           	callstack 0
   371                           
   372 ;; *************** function _SysTickSetup *****************
   373 ;; Defined at:
   374 ;;		line 111 in file "../encm369_pic18.c"
   375 ;; Parameters:    Size  Location     Type
   376 ;;		None
   377 ;; Auto vars:     Size  Location     Type
   378 ;;		None
   379 ;; Return value:  Size  Location     Type
   380 ;;                  1    wreg      void 
   381 ;; Registers used:
   382 ;;		wreg, status,2
   383 ;; Tracked objects:
   384 ;;		On entry : 0/0
   385 ;;		On exit  : 0/0
   386 ;;		Unchanged: 0/0
   387 ;; Data sizes:     COMRAM   BANK5   BANK6   BANK7   BANK8   BANK9  BANK10  BANK11  BANK12  BANK13  BANK14  BANK15  BANK1
      +6  BANK17  BANK18  BANK19  BANK20  BANK21  BANK22  BANK23  BANK24  BANK25  BANK26  BANK27  BANK28  BANK29  BANK30  BANK3
      +1  BANK32  BANK33  BANK34  BANK35  BANK36  BANK37
   388 ;;      Params:         0       0       0       0       0       0       0       0       0       0       0       0       
      +0       0       0       0       0       0       0       0       0       0       0       0       0       0       0       
      +0       0       0       0       0       0       0
   389 ;;      Locals:         0       0       0       0       0       0       0       0       0       0       0       0       
      +0       0       0       0       0       0       0       0       0       0       0       0       0       0       0       
      +0       0       0       0       0       0       0
   390 ;;      Temps:          0       0       0       0       0       0       0       0       0       0       0       0       
      +0       0       0       0       0       0       0       0       0       0       0       0       0       0       0       
      +0       0       0       0       0       0       0
   391 ;;      Totals:         0       0       0       0       0       0       0       0       0       0       0       0       
      +0       0       0       0       0       0       0       0       0       0       0       0       0       0       0       
      +0       0       0       0       0       0       0
   392 ;;Total ram usage:        0 bytes
   393 ;; Hardware stack levels used:    1
   394 ;; This function calls:
   395 ;;		Nothing
   396 ;; This function is called by:
   397 ;;		_main
   398 ;; This function uses a non-reentrant model
   399 ;;
   400                           
   401                           	psect	text4
   402  01FF36                     __ptext4:
   403                           	callstack 0
   404  01FF36                     _SysTickSetup:
   405                           	callstack 127
   406  01FF36                     
   407                           ;../encm369_pic18.c: 113:   G_u32SystemTime1ms = 0;
   408  01FF36  0E00               	movlw	0
   409  01FF38  6E09               	movwf	_G_u32SystemTime1ms^(0+1280),c	;volatile
   410  01FF3A  0E00               	movlw	0
   411  01FF3C  6E0A               	movwf	(_G_u32SystemTime1ms+1)^(0+1280),c	;volatile
   412  01FF3E  0E00               	movlw	0
   413  01FF40  6E0B               	movwf	(_G_u32SystemTime1ms+2)^(0+1280),c	;volatile
   414  01FF42  0E00               	movlw	0
   415  01FF44  6E0C               	movwf	(_G_u32SystemTime1ms+3)^(0+1280),c	;volatile
   416                           
   417                           ;../encm369_pic18.c: 114:   G_u32SystemTime1s = 0;
   418  01FF46  0E00               	movlw	0
   419  01FF48  6E05               	movwf	_G_u32SystemTime1s^(0+1280),c	;volatile
   420  01FF4A  0E00               	movlw	0
   421  01FF4C  6E06               	movwf	(_G_u32SystemTime1s+1)^(0+1280),c	;volatile
   422  01FF4E  0E00               	movlw	0
   423  01FF50  6E07               	movwf	(_G_u32SystemTime1s+2)^(0+1280),c	;volatile
   424  01FF52  0E00               	movlw	0
   425  01FF54  6E08               	movwf	(_G_u32SystemTime1s+3)^(0+1280),c	;volatile
   426  01FF56  0012               	return		;funcret
   427  01FF58                     __end_of_SysTickSetup:
   428                           	callstack 0
   429                           
   430 ;; *************** function _GpioSetup *****************
   431 ;; Defined at:
   432 ;;		line 89 in file "../encm369_pic18.c"
   433 ;; Parameters:    Size  Location     Type
   434 ;;		None
   435 ;; Auto vars:     Size  Location     Type
   436 ;;		None
   437 ;; Return value:  Size  Location     Type
   438 ;;                  1    wreg      void 
   439 ;; Registers used:
   440 ;;		wreg, status,2
   441 ;; Tracked objects:
   442 ;;		On entry : 0/0
   443 ;;		On exit  : 0/0
   444 ;;		Unchanged: 0/0
   445 ;; Data sizes:     COMRAM   BANK5   BANK6   BANK7   BANK8   BANK9  BANK10  BANK11  BANK12  BANK13  BANK14  BANK15  BANK1
      +6  BANK17  BANK18  BANK19  BANK20  BANK21  BANK22  BANK23  BANK24  BANK25  BANK26  BANK27  BANK28  BANK29  BANK30  BANK3
      +1  BANK32  BANK33  BANK34  BANK35  BANK36  BANK37
   446 ;;      Params:         0       0       0       0       0       0       0       0       0       0       0       0       
      +0       0       0       0       0       0       0       0       0       0       0       0       0       0       0       
      +0       0       0       0       0       0       0
   447 ;;      Locals:         0       0       0       0       0       0       0       0       0       0       0       0       
      +0       0       0       0       0       0       0       0       0       0       0       0       0       0       0       
      +0       0       0       0       0       0       0
   448 ;;      Temps:          0       0       0       0       0       0       0       0       0       0       0       0       
      +0       0       0       0       0       0       0       0       0       0       0       0       0       0       0       
      +0       0       0       0       0       0       0
   449 ;;      Totals:         0       0       0       0       0       0       0       0       0       0       0       0       
      +0       0       0       0       0       0       0       0       0       0       0       0       0       0       0       
      +0       0       0       0       0       0       0
   450 ;;Total ram usage:        0 bytes
   451 ;; Hardware stack levels used:    1
   452 ;; This function calls:
   453 ;;		Nothing
   454 ;; This function is called by:
   455 ;;		_main
   456 ;; This function uses a non-reentrant model
   457 ;;
   458                           
   459                           	psect	text5
   460  01FF1E                     __ptext5:
   461                           	callstack 0
   462  01FF1E                     _GpioSetup:
   463                           	callstack 127
   464  01FF1E                     
   465                           ;../encm369_pic18.c: 91:     LATA = 0x80;
   466  01FF1E  0E80               	movlw	128
   467  01FF20  6EBE               	movwf	190,c	;volatile
   468                           
   469                           ;../encm369_pic18.c: 92:     TRISB = 0x20;
   470  01FF22  0E20               	movlw	32
   471  01FF24  6EC7               	movwf	199,c	;volatile
   472                           
   473                           ;../encm369_pic18.c: 93:     TRISA = 0x00;
   474  01FF26  0E00               	movlw	0
   475  01FF28  6EC6               	movwf	198,c	;volatile
   476                           
   477                           ;../encm369_pic18.c: 94:     ANSELA = 0x00;
   478  01FF2A  0E00               	movlw	0
   479  01FF2C  0104               	movlb	4	; () banked
   480  01FF2E  6F00               	movwf	0,b	;volatile
   481                           
   482                           ;../encm369_pic18.c: 95:     ANSELB = 0x00;
   483  01FF30  0E00               	movlw	0
   484  01FF32  6F08               	movwf	8,b	;volatile
   485  01FF34                     
   486                           ; BSR set to: 4
   487  01FF34  0012               	return		;funcret
   488  01FF36                     __end_of_GpioSetup:
   489                           	callstack 0
   490                           
   491 ;; *************** function _ClockSetup *****************
   492 ;; Defined at:
   493 ;;		line 70 in file "../encm369_pic18.c"
   494 ;; Parameters:    Size  Location     Type
   495 ;;		None
   496 ;; Auto vars:     Size  Location     Type
   497 ;;		None
   498 ;; Return value:  Size  Location     Type
   499 ;;                  1    wreg      void 
   500 ;; Registers used:
   501 ;;		None
   502 ;; Tracked objects:
   503 ;;		On entry : 0/0
   504 ;;		On exit  : 0/0
   505 ;;		Unchanged: 0/0
   506 ;; Data sizes:     COMRAM   BANK5   BANK6   BANK7   BANK8   BANK9  BANK10  BANK11  BANK12  BANK13  BANK14  BANK15  BANK1
      +6  BANK17  BANK18  BANK19  BANK20  BANK21  BANK22  BANK23  BANK24  BANK25  BANK26  BANK27  BANK28  BANK29  BANK30  BANK3
      +1  BANK32  BANK33  BANK34  BANK35  BANK36  BANK37
   507 ;;      Params:         0       0       0       0       0       0       0       0       0       0       0       0       
      +0       0       0       0       0       0       0       0       0       0       0       0       0       0       0       
      +0       0       0       0       0       0       0
   508 ;;      Locals:         0       0       0       0       0       0       0       0       0       0       0       0       
      +0       0       0       0       0       0       0       0       0       0       0       0       0       0       0       
      +0       0       0       0       0       0       0
   509 ;;      Temps:          0       0       0       0       0       0       0       0       0       0       0       0       
      +0       0       0       0       0       0       0       0       0       0       0       0       0       0       0       
      +0       0       0       0       0       0       0
   510 ;;      Totals:         0       0       0       0       0       0       0       0       0       0       0       0       
      +0       0       0       0       0       0       0       0       0       0       0       0       0       0       0       
      +0       0       0       0       0       0       0
   511 ;;Total ram usage:        0 bytes
   512 ;; Hardware stack levels used:    1
   513 ;; This function calls:
   514 ;;		Nothing
   515 ;; This function is called by:
   516 ;;		_main
   517 ;; This function uses a non-reentrant model
   518 ;;
   519                           
   520                           	psect	text6
   521  01FF14                     __ptext6:
   522                           	callstack 0
   523  01FF14                     _ClockSetup:
   524                           	callstack 127
   525  01FF14  0012               	return		;funcret
   526  01FF16                     __end_of_ClockSetup:
   527                           	callstack 0
   528  0000                     
   529                           	psect	rparam
   530  0000                     
   531                           	psect	idloc
   532                           
   533                           ;Config register IDLOC0 @ 0x200000
   534                           ;	unspecified, using default values
   535  200000                     	org	2097152
   536  200000  0FFF               	dw	4095
   537                           
   538                           ;Config register IDLOC1 @ 0x200002
   539                           ;	unspecified, using default values
   540  200002                     	org	2097154
   541  200002  0FFF               	dw	4095
   542                           
   543                           ;Config register IDLOC2 @ 0x200004
   544                           ;	unspecified, using default values
   545  200004                     	org	2097156
   546  200004  0FFF               	dw	4095
   547                           
   548                           ;Config register IDLOC3 @ 0x200006
   549                           ;	unspecified, using default values
   550  200006                     	org	2097158
   551  200006  0FFF               	dw	4095
   552                           
   553                           ;Config register IDLOC4 @ 0x200008
   554                           ;	unspecified, using default values
   555  200008                     	org	2097160
   556  200008  0FFF               	dw	4095
   557                           
   558                           ;Config register IDLOC5 @ 0x20000A
   559                           ;	unspecified, using default values
   560  20000A                     	org	2097162
   561  20000A  0FFF               	dw	4095
   562                           
   563                           ;Config register IDLOC6 @ 0x20000C
   564                           ;	unspecified, using default values
   565  20000C                     	org	2097164
   566  20000C  0FFF               	dw	4095
   567                           
   568                           ;Config register IDLOC7 @ 0x20000E
   569                           ;	unspecified, using default values
   570  20000E                     	org	2097166
   571  20000E  0FFF               	dw	4095
   572                           
   573                           ;Config register IDLOC8 @ 0x200010
   574                           ;	unspecified, using default values
   575  200010                     	org	2097168
   576  200010  0FFF               	dw	4095
   577                           
   578                           ;Config register IDLOC9 @ 0x200012
   579                           ;	unspecified, using default values
   580  200012                     	org	2097170
   581  200012  0FFF               	dw	4095
   582                           
   583                           ;Config register IDLOC10 @ 0x200014
   584                           ;	unspecified, using default values
   585  200014                     	org	2097172
   586  200014  0FFF               	dw	4095
   587                           
   588                           ;Config register IDLOC11 @ 0x200016
   589                           ;	unspecified, using default values
   590  200016                     	org	2097174
   591  200016  0FFF               	dw	4095
   592                           
   593                           ;Config register IDLOC12 @ 0x200018
   594                           ;	unspecified, using default values
   595  200018                     	org	2097176
   596  200018  0FFF               	dw	4095
   597                           
   598                           ;Config register IDLOC13 @ 0x20001A
   599                           ;	unspecified, using default values
   600  20001A                     	org	2097178
   601  20001A  0FFF               	dw	4095
   602                           
   603                           ;Config register IDLOC14 @ 0x20001C
   604                           ;	unspecified, using default values
   605  20001C                     	org	2097180
   606  20001C  0FFF               	dw	4095
   607                           
   608                           ;Config register IDLOC15 @ 0x20001E
   609                           ;	unspecified, using default values
   610  20001E                     	org	2097182
   611  20001E  0FFF               	dw	4095
   612                           
   613                           	psect	config
   614                           
   615                           ;Config register CONFIG1 @ 0x300000
   616                           ;	External Oscillator Selection
   617                           ;	FEXTOSC = OFF, Oscillator not enabled
   618                           ;	Reset Oscillator Selection
   619                           ;	RSTOSC = HFINTOSC_64MHZ, HFINTOSC with HFFRQ = 64 MHz and CDIV = 1:1
   620  300000                     	org	3145728
   621  300000  8C                 	db	140
   622                           
   623                           ;Config register CONFIG2 @ 0x300001
   624                           ;	Clock out Enable bit
   625                           ;	CLKOUTEN = ON, CLKOUT function is enabled
   626                           ;	PRLOCKED One-Way Set Enable bit
   627                           ;	PR1WAY = ON, PRLOCKED bit can be cleared and set only once
   628                           ;	Clock Switch Enable bit
   629                           ;	CSWEN = ON, Writing to NOSC and NDIV is allowed
   630                           ;	Fail-Safe Clock Monitor Enable bit
   631                           ;	FCMEN = ON, Fail-Safe Clock Monitor enabled
   632  300001                     	org	3145729
   633  300001  FE                 	db	254
   634                           
   635                           ;Config register CONFIG3 @ 0x300002
   636                           ;	MCLR Enable bit
   637                           ;	MCLRE = EXTMCLR, If LVP = 0, MCLR pin is MCLR; If LVP = 1, RE3 pin function is MCLR
   638                           ;	Power-up timer selection bits
   639                           ;	PWRTS = PWRT_OFF, PWRT is disabled
   640                           ;	Multi-vector enable bit
   641                           ;	MVECEN = ON, Multi-vector enabled, Vector table used for interrupts
   642                           ;	IVTLOCK bit One-way set enable bit
   643                           ;	IVT1WAY = ON, IVTLOCKED bit can be cleared and set only once
   644                           ;	Low Power BOR Enable bit
   645                           ;	LPBOREN = OFF, Low-Power BOR disabled
   646                           ;	Brown-out Reset Enable bits
   647                           ;	BOREN = SBORDIS, Brown-out Reset enabled , SBOREN bit is ignored
   648  300002                     	org	3145730
   649  300002  FF                 	db	255
   650                           
   651                           ;Config register CONFIG4 @ 0x300003
   652                           ;	Brown-out Reset Voltage Selection bits
   653                           ;	BORV = VBOR_2P85, Brown-out Reset Voltage (VBOR) set to 2.8V
   654                           ;	ZCD Disable bit
   655                           ;	ZCD = OFF, ZCD module is disabled. ZCD can be enabled by setting the ZCDSEN bit of ZCD
      +                          CON
   656                           ;	PPSLOCK bit One-Way Set Enable bit
   657                           ;	PPS1WAY = ON, PPSLOCKED bit can be cleared and set only once; PPS registers remain loc
      +                          ked after one clear/set cycle
   658                           ;	Stack Full/Underflow Reset Enable bit
   659                           ;	STVREN = ON, Stack full/underflow will cause Reset
   660                           ;	Low Voltage Programming Enable bit
   661                           ;	LVP = ON, Low voltage programming enabled. MCLR/VPP pin function is MCLR. MCLRE config
      +                          uration bit is ignored
   662                           ;	Extended Instruction Set Enable bit
   663                           ;	XINST = OFF, Extended Instruction Set and Indexed Addressing Mode disabled
   664  300003                     	org	3145731
   665  300003  FC                 	db	252
   666                           
   667                           ;Config register CONFIG5 @ 0x300004
   668                           ;	WDT Period selection bits
   669                           ;	WDTCPS = WDTCPS_31, Divider ratio 1:65536; software control of WDTPS
   670                           ;	WDT operating mode
   671                           ;	WDTE = OFF, WDT Disabled; SWDTEN is ignored
   672  300004                     	org	3145732
   673  300004  9F                 	db	159
   674                           
   675                           ;Config register CONFIG6 @ 0x300005
   676                           ;	WDT Window Select bits
   677                           ;	WDTCWS = WDTCWS_7, window always open (100%); software control; keyed access not requi
      +                          red
   678                           ;	WDT input clock selector
   679                           ;	WDTCCS = SC, Software Control
   680  300005                     	org	3145733
   681  300005  FF                 	db	255
   682                           
   683                           ;Config register CONFIG7 @ 0x300006
   684                           ;	Boot Block Size selection bits
   685                           ;	BBSIZE = BBSIZE_512, Boot Block size is 512 words
   686                           ;	Boot Block enable bit
   687                           ;	BBEN = OFF, Boot block disabled
   688                           ;	Storage Area Flash enable bit
   689                           ;	SAFEN = OFF, SAF disabled
   690                           ;	Background Debugger
   691                           ;	DEBUG = OFF, Background Debugger disabled
   692  300006                     	org	3145734
   693  300006  FF                 	db	255
   694                           
   695                           ;Config register CONFIG8 @ 0x300007
   696                           ;	Boot Block Write Protection bit
   697                           ;	WRTB = OFF, Boot Block not Write protected
   698                           ;	Configuration Register Write Protection bit
   699                           ;	WRTC = OFF, Configuration registers not Write protected
   700                           ;	Data EEPROM Write Protection bit
   701                           ;	WRTD = OFF, Data EEPROM not Write protected
   702                           ;	SAF Write protection bit
   703                           ;	WRTSAF = OFF, SAF not Write Protected
   704                           ;	Application Block write protection bit
   705                           ;	WRTAPP = OFF, Application Block not write protected
   706  300007                     	org	3145735
   707  300007  FF                 	db	255
   708                           
   709                           ; Padding undefined space
   710  300008                     	org	3145736
   711  300008  FF                 	db	255
   712                           
   713                           ;Config register CONFIG10 @ 0x300009
   714                           ;	PFM and Data EEPROM Code Protection bit
   715                           ;	CP = OFF, PFM and Data EEPROM code protection disabled
   716  300009                     	org	3145737
   717  300009  FF                 	db	255
   718                           tosu	equ	0x4FF
   719                           tosh	equ	0x4FE
   720                           tosl	equ	0x4FD
   721                           stkptr	equ	0x4FC
   722                           pclatu	equ	0x4FB
   723                           pclath	equ	0x4FA
   724                           pcl	equ	0x4F9
   725                           tblptru	equ	0x4F8
   726                           tblptrh	equ	0x4F7
   727                           tblptrl	equ	0x4F6
   728                           tablat	equ	0x4F5
   729                           prodh	equ	0x4F4
   730                           prodl	equ	0x4F3
   731                           indf0	equ	0x4EF
   732                           postinc0	equ	0x4EE
   733                           postdec0	equ	0x4ED
   734                           preinc0	equ	0x4EC
   735                           plusw0	equ	0x4EB
   736                           fsr0h	equ	0x4EA
   737                           fsr0l	equ	0x4E9
   738                           wreg	equ	0x4E8
   739                           indf1	equ	0x4E7
   740                           postinc1	equ	0x4E6
   741                           postdec1	equ	0x4E5
   742                           preinc1	equ	0x4E4
   743                           plusw1	equ	0x4E3
   744                           fsr1h	equ	0x4E2
   745                           fsr1l	equ	0x4E1
   746                           bsr	equ	0x4E0
   747                           indf2	equ	0x4DF
   748                           postinc2	equ	0x4DE
   749                           postdec2	equ	0x4DD
   750                           preinc2	equ	0x4DC
   751                           plusw2	equ	0x4DB
   752                           fsr2h	equ	0x4DA
   753                           fsr2l	equ	0x4D9
   754                           status	equ	0x4D8

Data Sizes:
    Strings     0
    Constant    0
    Data        4
    BSS         13
    Persistent  0
    Stack       0

Auto Spaces:
    Space          Size  Autos    Used
    COMRAM           95      0      17
    BANK5           160      0       0
    BANK6           256      0       0
    BANK7           256      0       0
    BANK8           256      0       0
    BANK9           256      0       0
    BANK10          256      0       0
    BANK11          256      0       0
    BANK12          256      0       0
    BANK13          256      0       0
    BANK14          256      0       0
    BANK15          256      0       0
    BANK16          256      0       0
    BANK17          256      0       0
    BANK18          256      0       0
    BANK19          256      0       0
    BANK20          256      0       0
    BANK21          256      0       0
    BANK22          256      0       0
    BANK23          256      0       0
    BANK24          256      0       0
    BANK25          256      0       0
    BANK26          256      0       0
    BANK27          256      0       0
    BANK28          256      0       0
    BANK29          256      0       0
    BANK30          256      0       0
    BANK31          256      0       0
    BANK32          256      0       0
    BANK33          256      0       0
    BANK34          256      0       0
    BANK35          256      0       0
    BANK36          256      0       0
    BANK37          256      0       0

Pointer List with Targets:

    None.

Critical Paths under _main in COMRAM

    None.

Critical Paths under _main in BANK5

    None.

Critical Paths under _main in BANK6

    None.

Critical Paths under _main in BANK7

    None.

Critical Paths under _main in BANK8

    None.

Critical Paths under _main in BANK9

    None.

Critical Paths under _main in BANK10

    None.

Critical Paths under _main in BANK11

    None.

Critical Paths under _main in BANK12

    None.

Critical Paths under _main in BANK13

    None.

Critical Paths under _main in BANK14

    None.

Critical Paths under _main in BANK15

    None.

Critical Paths under _main in BANK16

    None.

Critical Paths under _main in BANK17

    None.

Critical Paths under _main in BANK18

    None.

Critical Paths under _main in BANK19

    None.

Critical Paths under _main in BANK20

    None.

Critical Paths under _main in BANK21

    None.

Critical Paths under _main in BANK22

    None.

Critical Paths under _main in BANK23

    None.

Critical Paths under _main in BANK24

    None.

Critical Paths under _main in BANK25

    None.

Critical Paths under _main in BANK26

    None.

Critical Paths under _main in BANK27

    None.

Critical Paths under _main in BANK28

    None.

Critical Paths under _main in BANK29

    None.

Critical Paths under _main in BANK30

    None.

Critical Paths under _main in BANK31

    None.

Critical Paths under _main in BANK32

    None.

Critical Paths under _main in BANK33

    None.

Critical Paths under _main in BANK34

    None.

Critical Paths under _main in BANK35

    None.

Critical Paths under _main in BANK36

    None.

Critical Paths under _main in BANK37

    None.

Call Graph Tables:

 ---------------------------------------------------------------------------------
 (Depth) Function   	        Calls       Base Space   Used Autos Params    Refs
 ---------------------------------------------------------------------------------
 (0) _main                                                 0     0      0       0
                         _ClockSetup
                          _GpioSetup
                       _SysTickSetup
                        _SystemSleep
                  _UserAppInitialize
                         _UserAppRun
 ---------------------------------------------------------------------------------
 (1) _UserAppRun                                           0     0      0       0
 ---------------------------------------------------------------------------------
 (1) _UserAppInitialize                                    0     0      0       0
 ---------------------------------------------------------------------------------
 (1) _SystemSleep                                          0     0      0       0
 ---------------------------------------------------------------------------------
 (1) _SysTickSetup                                         0     0      0       0
 ---------------------------------------------------------------------------------
 (1) _GpioSetup                                            0     0      0       0
 ---------------------------------------------------------------------------------
 (1) _ClockSetup                                           0     0      0       0
 ---------------------------------------------------------------------------------
 Estimated maximum stack depth 1
 ---------------------------------------------------------------------------------

 Call Graph Graphs:

 _main (ROOT)
   _ClockSetup
   _GpioSetup
   _SysTickSetup
   _SystemSleep
   _UserAppInitialize
   _UserAppRun

 Address spaces:
Name               Size   Autos  Total    Cost      Usage
BIGRAM            20FF      0       0      71        0.0%
EEDATA             400      0       0       0        0.0%
BITBANK37          100      0       0      70        0.0%
BANK37             100      0       0      68        0.0%
BITBANK36          100      0       0      66        0.0%
BANK36             100      0       0      67        0.0%
BITBANK35          100      0       0      64        0.0%
BANK35             100      0       0      65        0.0%
BITBANK34          100      0       0      62        0.0%
BANK34             100      0       0      63        0.0%
BITBANK33          100      0       0      60        0.0%
BANK33             100      0       0      61        0.0%
BITBANK32          100      0       0      58        0.0%
BANK32             100      0       0      59        0.0%
BITBANK31          100      0       0      56        0.0%
BANK31             100      0       0      57        0.0%
BITBANK30          100      0       0      54        0.0%
BANK30             100      0       0      55        0.0%
BITBANK29          100      0       0      52        0.0%
BANK29             100      0       0      53        0.0%
BITBANK28          100      0       0      50        0.0%
BANK28             100      0       0      51        0.0%
BITBANK27          100      0       0      48        0.0%
BANK27             100      0       0      49        0.0%
BITBANK26          100      0       0      46        0.0%
BANK26             100      0       0      47        0.0%
BITBANK25          100      0       0      44        0.0%
BANK25             100      0       0      45        0.0%
BITBANK24          100      0       0      42        0.0%
BANK24             100      0       0      43        0.0%
BITBANK23          100      0       0      40        0.0%
BANK23             100      0       0      41        0.0%
BITBANK22          100      0       0      38        0.0%
BANK22             100      0       0      39        0.0%
BITBANK21          100      0       0      36        0.0%
BANK21             100      0       0      37        0.0%
BITBANK20          100      0       0      34        0.0%
BANK20             100      0       0      35        0.0%
BITBANK19          100      0       0      32        0.0%
BANK19             100      0       0      33        0.0%
BITBANK18          100      0       0      30        0.0%
BANK18             100      0       0      31        0.0%
BITBANK17          100      0       0      28        0.0%
BANK17             100      0       0      29        0.0%
BITBANK16          100      0       0      26        0.0%
BANK16             100      0       0      27        0.0%
BITBANK15          100      0       0      24        0.0%
BANK15             100      0       0      25        0.0%
BITBANK14          100      0       0      22        0.0%
BANK14             100      0       0      23        0.0%
BITBANK13          100      0       0      20        0.0%
BANK13             100      0       0      21        0.0%
BITBANK12          100      0       0      18        0.0%
BANK12             100      0       0      19        0.0%
BITBANK11          100      0       0      16        0.0%
BANK11             100      0       0      17        0.0%
BITBANK10          100      0       0      14        0.0%
BANK10             100      0       0      15        0.0%
BITBANK9           100      0       0      12        0.0%
BANK9              100      0       0      13        0.0%
BITBANK8           100      0       0      10        0.0%
BANK8              100      0       0      11        0.0%
BITBANK7           100      0       0       8        0.0%
BANK7              100      0       0       9        0.0%
BITBANK6           100      0       0       6        0.0%
BANK6              100      0       0       7        0.0%
BITBANK5            A0      0       0       4        0.0%
BANK5               A0      0       0       5        0.0%
BITCOMRAM           5F      0       0       0        0.0%
COMRAM              5F      0      11       1       17.9%
BITSFR_5             0      0       0     200        0.0%
SFR_5                0      0       0     200        0.0%
BITSFR_4             0      0       0     200        0.0%
SFR_4                0      0       0     200        0.0%
BITSFR_3             0      0       0     200        0.0%
SFR_3                0      0       0     200        0.0%
BITSFR_2             0      0       0     200        0.0%
SFR_2                0      0       0     200        0.0%
BITSFR_1             0      0       0     200        0.0%
SFR_1                0      0       0     200        0.0%
BITSFR               0      0       0     200        0.0%
SFR                  0      0       0     200        0.0%
STACK                0      0       0       2        0.0%
NULL                 0      0       0       0        0.0%
ABS                  0      0      11      69        0.0%
DATA                 0      0      11       3        0.0%
CODE                 0      0       0       0        0.0%


Microchip Technology PIC18 Macro Assembler V2.31 build 20201012212115 
Symbol Table                                                                                   Mon Feb 15 19:11:42 2021

     __size_of_SysTickSetup 0022                          l20 FF34                          l23 FF56  
                        l17 FF14                          l26 FF16                          l61 FF18  
                        l69 FFFA                          u10 FFBA                          u11 FFB6  
                        u20 FFDA                          u21 FFD6                         l751 FFBA  
                       l745 FF1E                         l753 FFC0                         l755 FFDA  
                       l773 FF36                         l757 FFEA                         l749 FFAC  
                       l781 FF62                         l783 FF66                         l775 FF58  
                       l785 FF6A                         l777 FF5A                         l787 FF6E  
                       l779 FF5E                         wreg 0004E8                        _LATA 0004BE  
                      _main FF58                _SysTickSetup FF36                        fsr1l 0004E1  
                      start FFFC        __size_of_SystemSleep 0002                ___param_bank 000000  
                _ClockSetup FF14                       ?_main 0000                       _PORTB 0004CF  
                     _TRISA 0004C6                       _TRISB 0004C7                       tablat 0004F5  
                     status 0004D8             __initialization FF7A                __end_of_main FF7A  
                    ??_main 0000               __activetblptr 000000                      _ANSELA 000400  
                    _ANSELB 000408          __size_of_GpioSetup 0018                 ?_ClockSetup 0000  
                    clear_0 FFA0                __pdataCOMRAM 050E                      tblptrh 0004F7  
                    tblptrl 0004F6                      tblptru 0004F8                  _UserAppRun FFAC  
                __accesstop 0560     __end_of__initialization FFA6               ___rparam_used 000001  
          _G_u8UserAppFlags 050D              __pcstackCOMRAM 0000           __end_of_GpioSetup FF36  
       __size_of_ClockSetup 0002                 ?_UserAppRun 0000               ??_SystemSleep 0000  
                   __Hparam 0000                     __Lparam 0000                     __pcinit FF7A  
                   __ramtop 2600                     __ptext0 FF58                     __ptext1 FFAC  
                   __ptext2 FF18                     __ptext3 FF16                     __ptext4 FF36  
                   __ptext5 FF1E                     __ptext6 FF14        end_of_initialization FFA6  
          _G_u32SystemFlags 0501                     postdec1 0004E5                     postinc0 0004EE  
       __end_of_SystemSleep FF18                ??_ClockSetup 0000         __size_of_UserAppRun 0050  
      UserAppRun@u32Counter 050E          __end_of_ClockSetup FF16               __pidataCOMRAM FF1A  
                 _GpioSetup FF1E         start_initialization FF7A               ?_SysTickSetup 0000  
               _SystemSleep FF16                  ?_GpioSetup 0000                 __pbssCOMRAM 0501  
         _UserAppInitialize FF18                ??_UserAppRun 0000          ?_UserAppInitialize 0000  
            ??_SysTickSetup 0000         ??_UserAppInitialize 0000          __end_of_UserAppRun FFFC  
 __end_of_UserAppInitialize FF1A                 ??_GpioSetup 0000                   copy_data0 FF8E  
                  __Hrparam 0000                    __Lrparam 0000        __end_of_SysTickSetup FF58  
__size_of_UserAppInitialize 0002               __size_of_main 0022                ?_SystemSleep 0000  
        _G_u32SystemTime1ms 0509           _G_u32SystemTime1s 0505  
